{"/Users/patrikforsberg/Development/npm-packages/zynaptic-sql/src/index.ts": {"path":"/Users/patrikforsberg/Development/npm-packages/zynaptic-sql/src/index.ts","statementMap":{"0":{"start":{"line":8,"column":0},"end":{"line":8,"column":35}},"1":{"start":{"line":9,"column":0},"end":{"line":9,"column":null}},"2":{"start":{"line":27,"column":0},"end":{"line":27,"column":72}},"3":{"start":{"line":28,"column":0},"end":{"line":28,"column":null}},"4":{"start":{"line":35,"column":0},"end":{"line":35,"column":13}},"5":{"start":{"line":40,"column":20},"end":{"line":40,"column":30}},"6":{"start":{"line":41,"column":0},"end":{"line":41,"column":null}},"7":{"start":{"line":35,"column":13},"end":{"line":35,"column":23}},"8":{"start":{"line":43,"column":0},"end":{"line":43,"column":null}},"9":{"start":{"line":44,"column":1},"end":{"line":44,"column":null}},"10":{"start":{"line":45,"column":1},"end":{"line":45,"column":null}},"11":{"start":{"line":46,"column":1},"end":{"line":46,"column":null}},"12":{"start":{"line":47,"column":1},"end":{"line":47,"column":null}},"13":{"start":{"line":48,"column":1},"end":{"line":48,"column":null}},"14":{"start":{"line":69,"column":0},"end":{"line":69,"column":13}},"15":{"start":{"line":103,"column":11},"end":{"line":103,"column":41}},"16":{"start":{"line":104,"column":11},"end":{"line":104,"column":41}},"17":{"start":{"line":75,"column":2},"end":{"line":75,"column":23}},"18":{"start":{"line":76,"column":2},"end":{"line":76,"column":39}},"19":{"start":{"line":79,"column":8},"end":{"line":81,"column":null}},"20":{"start":{"line":80,"column":2},"end":{"line":80,"column":26}},"21":{"start":{"line":83,"column":8},"end":{"line":87,"column":null}},"22":{"start":{"line":84,"column":2},"end":{"line":86,"column":null}},"23":{"start":{"line":84,"column":19},"end":{"line":84,"column":23}},"24":{"start":{"line":84,"column":19},"end":{"line":84,"column":31}},"25":{"start":{"line":84,"column":15},"end":{"line":84,"column":19}},"26":{"start":{"line":85,"column":3},"end":{"line":85,"column":32}},"27":{"start":{"line":89,"column":9},"end":{"line":97,"column":null}},"28":{"start":{"line":90,"column":2},"end":{"line":96,"column":4}},"29":{"start":{"line":99,"column":9},"end":{"line":101,"column":null}},"30":{"start":{"line":100,"column":2},"end":{"line":100,"column":65}},"31":{"start":{"line":106,"column":8},"end":{"line":151,"column":null}},"32":{"start":{"line":107,"column":20},"end":{"line":107,"column":22}},"33":{"start":{"line":109,"column":2},"end":{"line":148,"column":null}},"34":{"start":{"line":109,"column":15},"end":{"line":109,"column":16}},"35":{"start":{"line":110,"column":3},"end":{"line":110,"column":31}},"36":{"start":{"line":111,"column":3},"end":{"line":111,"column":34}},"37":{"start":{"line":113,"column":3},"end":{"line":115,"column":null}},"38":{"start":{"line":114,"column":4},"end":{"line":114,"column":30}},"39":{"start":{"line":117,"column":3},"end":{"line":119,"column":null}},"40":{"start":{"line":118,"column":5},"end":{"line":118,"column":34}},"41":{"start":{"line":121,"column":3},"end":{"line":123,"column":null}},"42":{"start":{"line":122,"column":4},"end":{"line":122,"column":28}},"43":{"start":{"line":125,"column":3},"end":{"line":127,"column":null}},"44":{"start":{"line":126,"column":4},"end":{"line":126,"column":27}},"45":{"start":{"line":129,"column":3},"end":{"line":131,"column":null}},"46":{"start":{"line":130,"column":4},"end":{"line":130,"column":32}},"47":{"start":{"line":133,"column":3},"end":{"line":135,"column":null}},"48":{"start":{"line":134,"column":4},"end":{"line":134,"column":29}},"49":{"start":{"line":137,"column":3},"end":{"line":139,"column":null}},"50":{"start":{"line":138,"column":4},"end":{"line":138,"column":27}},"51":{"start":{"line":141,"column":3},"end":{"line":143,"column":null}},"52":{"start":{"line":142,"column":4},"end":{"line":142,"column":31}},"53":{"start":{"line":145,"column":3},"end":{"line":147,"column":null}},"54":{"start":{"line":146,"column":4},"end":{"line":146,"column":29}},"55":{"start":{"line":150,"column":2},"end":{"line":150,"column":13}},"56":{"start":{"line":159,"column":9},"end":{"line":168,"column":null}},"57":{"start":{"line":161,"column":14},"end":{"line":161,"column":42}},"58":{"start":{"line":163,"column":2},"end":{"line":165,"column":null}},"59":{"start":{"line":164,"column":3},"end":{"line":164,"column":44}},"60":{"start":{"line":167,"column":2},"end":{"line":167,"column":16}},"61":{"start":{"line":170,"column":8},"end":{"line":182,"column":null}},"62":{"start":{"line":170,"column":18},"end":{"line":170,"column":51}},"63":{"start":{"line":172,"column":2},"end":{"line":174,"column":null}},"64":{"start":{"line":173,"column":3},"end":{"line":173,"column":null}},"65":{"start":{"line":176,"column":2},"end":{"line":179,"column":null}},"66":{"start":{"line":177,"column":14},"end":{"line":177,"column":28}},"67":{"start":{"line":178,"column":3},"end":{"line":178,"column":43}},"68":{"start":{"line":181,"column":2},"end":{"line":181,"column":14}},"69":{"start":{"line":184,"column":8},"end":{"line":189,"column":null}},"70":{"start":{"line":185,"column":2},"end":{"line":185,"column":38}},"71":{"start":{"line":186,"column":12},"end":{"line":186,"column":28}},"72":{"start":{"line":187,"column":2},"end":{"line":187,"column":25}},"73":{"start":{"line":188,"column":2},"end":{"line":188,"column":14}},"74":{"start":{"line":191,"column":8},"end":{"line":198,"column":null}},"75":{"start":{"line":191,"column":15},"end":{"line":191,"column":38}},"76":{"start":{"line":192,"column":2},"end":{"line":195,"column":null}},"77":{"start":{"line":193,"column":14},"end":{"line":193,"column":25}},"78":{"start":{"line":194,"column":3},"end":{"line":194,"column":40}},"79":{"start":{"line":197,"column":2},"end":{"line":197,"column":14}},"80":{"start":{"line":200,"column":8},"end":{"line":203,"column":null}},"81":{"start":{"line":201,"column":2},"end":{"line":201,"column":40}},"82":{"start":{"line":202,"column":2},"end":{"line":202,"column":14}},"83":{"start":{"line":205,"column":8},"end":{"line":208,"column":null}},"84":{"start":{"line":206,"column":2},"end":{"line":206,"column":50}},"85":{"start":{"line":207,"column":2},"end":{"line":207,"column":14}},"86":{"start":{"line":210,"column":8},"end":{"line":213,"column":null}},"87":{"start":{"line":210,"column":13},"end":{"line":210,"column":32}},"88":{"start":{"line":211,"column":2},"end":{"line":211,"column":37}},"89":{"start":{"line":212,"column":2},"end":{"line":212,"column":14}},"90":{"start":{"line":215,"column":8},"end":{"line":218,"column":null}},"91":{"start":{"line":216,"column":2},"end":{"line":216,"column":42}},"92":{"start":{"line":217,"column":2},"end":{"line":217,"column":14}},"93":{"start":{"line":220,"column":8},"end":{"line":223,"column":null}},"94":{"start":{"line":221,"column":2},"end":{"line":221,"column":45}},"95":{"start":{"line":222,"column":2},"end":{"line":222,"column":14}},"96":{"start":{"line":225,"column":8},"end":{"line":228,"column":null}},"97":{"start":{"line":226,"column":2},"end":{"line":226,"column":40}},"98":{"start":{"line":227,"column":2},"end":{"line":227,"column":14}},"99":{"start":{"line":230,"column":8},"end":{"line":233,"column":null}},"100":{"start":{"line":231,"column":2},"end":{"line":231,"column":42}},"101":{"start":{"line":232,"column":2},"end":{"line":232,"column":14}},"102":{"start":{"line":235,"column":8},"end":{"line":238,"column":null}},"103":{"start":{"line":235,"column":58},"end":{"line":235,"column":null}},"104":{"start":{"line":236,"column":2},"end":{"line":236,"column":64}},"105":{"start":{"line":237,"column":2},"end":{"line":237,"column":14}},"106":{"start":{"line":240,"column":8},"end":{"line":243,"column":null}},"107":{"start":{"line":240,"column":36},"end":{"line":240,"column":null}},"108":{"start":{"line":241,"column":2},"end":{"line":241,"column":51}},"109":{"start":{"line":242,"column":2},"end":{"line":242,"column":14}},"110":{"start":{"line":245,"column":8},"end":{"line":249,"column":null}},"111":{"start":{"line":245,"column":28},"end":{"line":245,"column":null}},"112":{"start":{"line":246,"column":12},"end":{"line":246,"column":35}},"113":{"start":{"line":247,"column":2},"end":{"line":247,"column":25}},"114":{"start":{"line":248,"column":2},"end":{"line":248,"column":14}},"115":{"start":{"line":251,"column":8},"end":{"line":257,"column":null}},"116":{"start":{"line":251,"column":27},"end":{"line":251,"column":null}},"117":{"start":{"line":252,"column":5},"end":{"line":252,"column":null}},"118":{"start":{"line":253,"column":5},"end":{"line":253,"column":null}},"119":{"start":{"line":254,"column":12},"end":{"line":254,"column":68}},"120":{"start":{"line":255,"column":2},"end":{"line":255,"column":25}},"121":{"start":{"line":256,"column":2},"end":{"line":256,"column":14}},"122":{"start":{"line":259,"column":8},"end":{"line":263,"column":null}},"123":{"start":{"line":259,"column":29},"end":{"line":259,"column":49}},"124":{"start":{"line":260,"column":12},"end":{"line":260,"column":53}},"125":{"start":{"line":261,"column":2},"end":{"line":261,"column":25}},"126":{"start":{"line":262,"column":2},"end":{"line":262,"column":14}},"127":{"start":{"line":265,"column":8},"end":{"line":269,"column":null}},"128":{"start":{"line":265,"column":30},"end":{"line":265,"column":50}},"129":{"start":{"line":266,"column":12},"end":{"line":266,"column":54}},"130":{"start":{"line":267,"column":2},"end":{"line":267,"column":25}},"131":{"start":{"line":268,"column":2},"end":{"line":268,"column":14}},"132":{"start":{"line":271,"column":8},"end":{"line":275,"column":null}},"133":{"start":{"line":271,"column":32},"end":{"line":271,"column":52}},"134":{"start":{"line":272,"column":12},"end":{"line":272,"column":56}},"135":{"start":{"line":273,"column":2},"end":{"line":273,"column":25}},"136":{"start":{"line":274,"column":2},"end":{"line":274,"column":14}},"137":{"start":{"line":277,"column":8},"end":{"line":281,"column":null}},"138":{"start":{"line":277,"column":32},"end":{"line":277,"column":52}},"139":{"start":{"line":278,"column":12},"end":{"line":278,"column":56}},"140":{"start":{"line":279,"column":2},"end":{"line":279,"column":25}},"141":{"start":{"line":280,"column":2},"end":{"line":280,"column":14}},"142":{"start":{"line":290,"column":8},"end":{"line":295,"column":null}},"143":{"start":{"line":290,"column":51},"end":{"line":290,"column":null}},"144":{"start":{"line":291,"column":12},"end":{"line":291,"column":57}},"145":{"start":{"line":292,"column":2},"end":{"line":292,"column":25}},"146":{"start":{"line":294,"column":2},"end":{"line":294,"column":14}},"147":{"start":{"line":307,"column":8},"end":{"line":313,"column":null}},"148":{"start":{"line":308,"column":2},"end":{"line":308,"column":25}},"149":{"start":{"line":310,"column":12},"end":{"line":310,"column":79}},"150":{"start":{"line":311,"column":2},"end":{"line":311,"column":25}},"151":{"start":{"line":312,"column":2},"end":{"line":312,"column":14}},"152":{"start":{"line":315,"column":8},"end":{"line":319,"column":null}},"153":{"start":{"line":315,"column":32},"end":{"line":315,"column":null}},"154":{"start":{"line":316,"column":12},"end":{"line":316,"column":43}},"155":{"start":{"line":317,"column":2},"end":{"line":317,"column":25}},"156":{"start":{"line":318,"column":2},"end":{"line":318,"column":14}},"157":{"start":{"line":321,"column":8},"end":{"line":325,"column":null}},"158":{"start":{"line":322,"column":12},"end":{"line":322,"column":34}},"159":{"start":{"line":323,"column":2},"end":{"line":323,"column":25}},"160":{"start":{"line":324,"column":2},"end":{"line":324,"column":14}},"161":{"start":{"line":327,"column":8},"end":{"line":331,"column":null}},"162":{"start":{"line":327,"column":25},"end":{"line":327,"column":44}},"163":{"start":{"line":327,"column":44},"end":{"line":327,"column":87}},"164":{"start":{"line":327,"column":87},"end":{"line":327,"column":null}},"165":{"start":{"line":328,"column":12},"end":{"line":328,"column":53}},"166":{"start":{"line":329,"column":2},"end":{"line":329,"column":25}},"167":{"start":{"line":330,"column":2},"end":{"line":330,"column":14}},"168":{"start":{"line":333,"column":8},"end":{"line":337,"column":null}},"169":{"start":{"line":333,"column":35},"end":{"line":333,"column":null}},"170":{"start":{"line":334,"column":12},"end":{"line":334,"column":42}},"171":{"start":{"line":335,"column":2},"end":{"line":335,"column":25}},"172":{"start":{"line":336,"column":2},"end":{"line":336,"column":14}},"173":{"start":{"line":345,"column":1},"end":{"line":352,"column":null}},"174":{"start":{"line":346,"column":15},"end":{"line":346,"column":40}},"175":{"start":{"line":347,"column":2},"end":{"line":351,"column":null}},"176":{"start":{"line":348,"column":3},"end":{"line":348,"column":20}},"177":{"start":{"line":350,"column":3},"end":{"line":350,"column":15}},"178":{"start":{"line":354,"column":1},"end":{"line":368,"column":null}},"179":{"start":{"line":354,"column":32},"end":{"line":354,"column":null}},"180":{"start":{"line":355,"column":32},"end":{"line":355,"column":34}},"181":{"start":{"line":356,"column":2},"end":{"line":365,"column":null}},"182":{"start":{"line":356,"column":15},"end":{"line":356,"column":16}},"183":{"start":{"line":357,"column":16},"end":{"line":357,"column":31}},"184":{"start":{"line":359,"column":3},"end":{"line":364,"column":null}},"185":{"start":{"line":360,"column":4},"end":{"line":360,"column":24}},"186":{"start":{"line":361,"column":4},"end":{"line":363,"column":null}},"187":{"start":{"line":362,"column":5},"end":{"line":362,"column":11}},"188":{"start":{"line":367,"column":2},"end":{"line":367,"column":16}},"189":{"start":{"line":370,"column":1},"end":{"line":372,"column":null}},"190":{"start":{"line":371,"column":2},"end":{"line":371,"column":38}},"191":{"start":{"line":371,"column":32},"end":{"line":371,"column":37}},"192":{"start":{"line":374,"column":9},"end":{"line":387,"column":null}},"193":{"start":{"line":375,"column":21},"end":{"line":375,"column":22}},"194":{"start":{"line":377,"column":2},"end":{"line":384,"column":null}},"195":{"start":{"line":377,"column":15},"end":{"line":377,"column":16}},"196":{"start":{"line":378,"column":16},"end":{"line":378,"column":31}},"197":{"start":{"line":380,"column":3},"end":{"line":383,"column":null}},"198":{"start":{"line":381,"column":17},"end":{"line":381,"column":32}},"199":{"start":{"line":386,"column":2},"end":{"line":386,"column":12}},"200":{"start":{"line":394,"column":8},"end":{"line":407,"column":null}},"201":{"start":{"line":395,"column":15},"end":{"line":395,"column":20}},"202":{"start":{"line":397,"column":2},"end":{"line":404,"column":null}},"203":{"start":{"line":398,"column":3},"end":{"line":398,"column":35}},"204":{"start":{"line":400,"column":7},"end":{"line":404,"column":null}},"205":{"start":{"line":401,"column":3},"end":{"line":401,"column":35}},"206":{"start":{"line":403,"column":3},"end":{"line":403,"column":18}},"207":{"start":{"line":406,"column":2},"end":{"line":406,"column":16}},"208":{"start":{"line":409,"column":11},"end":{"line":438,"column":null}},"209":{"start":{"line":410,"column":15},"end":{"line":410,"column":30}},"210":{"start":{"line":412,"column":2},"end":{"line":413,"column":13}},"211":{"start":{"line":413,"column":3},"end":{"line":413,"column":13}},"212":{"start":{"line":415,"column":15},"end":{"line":415,"column":17}},"213":{"start":{"line":416,"column":24},"end":{"line":416,"column":41}},"214":{"start":{"line":417,"column":19},"end":{"line":417,"column":88}},"215":{"start":{"line":419,"column":17},"end":{"line":419,"column":36}},"216":{"start":{"line":420,"column":18},"end":{"line":420,"column":34}},"217":{"start":{"line":422,"column":12},"end":{"line":422,"column":21}},"218":{"start":{"line":424,"column":2},"end":{"line":429,"column":null}},"219":{"start":{"line":425,"column":3},"end":{"line":428,"column":null}},"220":{"start":{"line":426,"column":4},"end":{"line":426,"column":23}},"221":{"start":{"line":427,"column":4},"end":{"line":427,"column":29}},"222":{"start":{"line":431,"column":2},"end":{"line":433,"column":null}},"223":{"start":{"line":431,"column":15},"end":{"line":431,"column":16}},"224":{"start":{"line":432,"column":3},"end":{"line":432,"column":47}},"225":{"start":{"line":435,"column":2},"end":{"line":435,"column":106}},"226":{"start":{"line":437,"column":2},"end":{"line":437,"column":16}},"227":{"start":{"line":445,"column":11},"end":{"line":461,"column":null}},"228":{"start":{"line":446,"column":15},"end":{"line":446,"column":17}},"229":{"start":{"line":448,"column":2},"end":{"line":458,"column":null}},"230":{"start":{"line":449,"column":15},"end":{"line":449,"column":38}},"231":{"start":{"line":451,"column":3},"end":{"line":455,"column":null}},"232":{"start":{"line":452,"column":4},"end":{"line":452,"column":18}},"233":{"start":{"line":454,"column":4},"end":{"line":454,"column":null}},"234":{"start":{"line":457,"column":3},"end":{"line":457,"column":30}},"235":{"start":{"line":460,"column":2},"end":{"line":460,"column":16}},"236":{"start":{"line":463,"column":1},"end":{"line":479,"column":null}},"237":{"start":{"line":464,"column":15},"end":{"line":464,"column":17}},"238":{"start":{"line":466,"column":2},"end":{"line":476,"column":null}},"239":{"start":{"line":467,"column":15},"end":{"line":467,"column":41}},"240":{"start":{"line":469,"column":3},"end":{"line":473,"column":null}},"241":{"start":{"line":470,"column":4},"end":{"line":470,"column":null}},"242":{"start":{"line":472,"column":4},"end":{"line":472,"column":18}},"243":{"start":{"line":475,"column":3},"end":{"line":475,"column":37}},"244":{"start":{"line":478,"column":2},"end":{"line":478,"column":16}},"245":{"start":{"line":486,"column":1},"end":{"line":495,"column":null}},"246":{"start":{"line":487,"column":15},"end":{"line":487,"column":17}},"247":{"start":{"line":489,"column":2},"end":{"line":492,"column":null}},"248":{"start":{"line":490,"column":15},"end":{"line":490,"column":38}},"249":{"start":{"line":491,"column":3},"end":{"line":491,"column":34}},"250":{"start":{"line":494,"column":2},"end":{"line":494,"column":16}},"251":{"start":{"line":502,"column":1},"end":{"line":510,"column":null}},"252":{"start":{"line":503,"column":15},"end":{"line":503,"column":17}},"253":{"start":{"line":505,"column":2},"end":{"line":507,"column":null}},"254":{"start":{"line":506,"column":3},"end":{"line":506,"column":21}},"255":{"start":{"line":509,"column":2},"end":{"line":509,"column":16}},"256":{"start":{"line":517,"column":1},"end":{"line":526,"column":null}},"257":{"start":{"line":518,"column":15},"end":{"line":518,"column":17}},"258":{"start":{"line":520,"column":2},"end":{"line":523,"column":null}},"259":{"start":{"line":521,"column":15},"end":{"line":521,"column":36}},"260":{"start":{"line":522,"column":3},"end":{"line":522,"column":53}},"261":{"start":{"line":525,"column":2},"end":{"line":525,"column":16}},"262":{"start":{"line":533,"column":1},"end":{"line":553,"column":null}},"263":{"start":{"line":534,"column":15},"end":{"line":534,"column":17}},"264":{"start":{"line":536,"column":2},"end":{"line":550,"column":null}},"265":{"start":{"line":537,"column":15},"end":{"line":537,"column":36}},"266":{"start":{"line":539,"column":3},"end":{"line":543,"column":null}},"267":{"start":{"line":540,"column":4},"end":{"line":540,"column":18}},"268":{"start":{"line":542,"column":4},"end":{"line":542,"column":39}},"269":{"start":{"line":545,"column":3},"end":{"line":545,"column":29}},"270":{"start":{"line":547,"column":3},"end":{"line":549,"column":null}},"271":{"start":{"line":548,"column":4},"end":{"line":548,"column":33}},"272":{"start":{"line":552,"column":2},"end":{"line":552,"column":16}},"273":{"start":{"line":560,"column":1},"end":{"line":578,"column":3}},"274":{"start":{"line":561,"column":15},"end":{"line":561,"column":17}},"275":{"start":{"line":563,"column":2},"end":{"line":574,"column":null}},"276":{"start":{"line":564,"column":15},"end":{"line":564,"column":35}},"277":{"start":{"line":566,"column":3},"end":{"line":570,"column":null}},"278":{"start":{"line":567,"column":4},"end":{"line":567,"column":null}},"279":{"start":{"line":569,"column":4},"end":{"line":569,"column":19}},"280":{"start":{"line":572,"column":13},"end":{"line":572,"column":64}},"281":{"start":{"line":573,"column":3},"end":{"line":573,"column":49}},"282":{"start":{"line":576,"column":2},"end":{"line":576,"column":16}},"283":{"start":{"line":586,"column":1},"end":{"line":604,"column":3}},"284":{"start":{"line":587,"column":15},"end":{"line":587,"column":17}},"285":{"start":{"line":589,"column":2},"end":{"line":600,"column":null}},"286":{"start":{"line":590,"column":15},"end":{"line":590,"column":40}},"287":{"start":{"line":592,"column":3},"end":{"line":594,"column":13}},"288":{"start":{"line":596,"column":3},"end":{"line":599,"column":null}},"289":{"start":{"line":597,"column":4},"end":{"line":597,"column":71}},"290":{"start":{"line":598,"column":4},"end":{"line":598,"column":32}},"291":{"start":{"line":602,"column":2},"end":{"line":602,"column":16}},"292":{"start":{"line":611,"column":1},"end":{"line":738,"column":3}},"293":{"start":{"line":612,"column":15},"end":{"line":612,"column":17}},"294":{"start":{"line":614,"column":2},"end":{"line":618,"column":null}},"295":{"start":{"line":615,"column":3},"end":{"line":615,"column":21}},"296":{"start":{"line":617,"column":3},"end":{"line":617,"column":23}},"297":{"start":{"line":620,"column":2},"end":{"line":626,"column":null}},"298":{"start":{"line":621,"column":3},"end":{"line":625,"column":11}},"299":{"start":{"line":631,"column":2},"end":{"line":658,"column":null}},"300":{"start":{"line":632,"column":15},"end":{"line":632,"column":37}},"301":{"start":{"line":634,"column":3},"end":{"line":657,"column":null}},"302":{"start":{"line":635,"column":4},"end":{"line":635,"column":23}},"303":{"start":{"line":638,"column":19},"end":{"line":638,"column":38}},"304":{"start":{"line":639,"column":20},"end":{"line":639,"column":36}},"305":{"start":{"line":641,"column":14},"end":{"line":641,"column":22}},"306":{"start":{"line":643,"column":4},"end":{"line":648,"column":null}},"307":{"start":{"line":644,"column":5},"end":{"line":647,"column":null}},"308":{"start":{"line":645,"column":6},"end":{"line":645,"column":25}},"309":{"start":{"line":646,"column":6},"end":{"line":646,"column":31}},"310":{"start":{"line":650,"column":18},"end":{"line":650,"column":33}},"311":{"start":{"line":652,"column":4},"end":{"line":654,"column":null}},"312":{"start":{"line":652,"column":17},"end":{"line":652,"column":18}},"313":{"start":{"line":653,"column":5},"end":{"line":653,"column":73}},"314":{"start":{"line":656,"column":4},"end":{"line":656,"column":36}},"315":{"start":{"line":736,"column":2},"end":{"line":736,"column":16}},"316":{"start":{"line":745,"column":8},"end":{"line":776,"column":null}},"317":{"start":{"line":746,"column":15},"end":{"line":746,"column":17}},"318":{"start":{"line":748,"column":2},"end":{"line":773,"column":null}},"319":{"start":{"line":749,"column":13},"end":{"line":749,"column":33}},"320":{"start":{"line":750,"column":3},"end":{"line":750,"column":21}},"321":{"start":{"line":752,"column":3},"end":{"line":772,"column":null}},"322":{"start":{"line":754,"column":4},"end":{"line":771,"column":null}},"323":{"start":{"line":755,"column":5},"end":{"line":763,"column":null}},"324":{"start":{"line":757,"column":7},"end":{"line":757,"column":28}},"325":{"start":{"line":758,"column":7},"end":{"line":758,"column":13}},"326":{"start":{"line":761,"column":7},"end":{"line":761,"column":29}},"327":{"start":{"line":762,"column":7},"end":{"line":762,"column":13}},"328":{"start":{"line":766,"column":5},"end":{"line":770,"column":7}},"329":{"start":{"line":775,"column":2},"end":{"line":775,"column":16}},"330":{"start":{"line":783,"column":1},"end":{"line":812,"column":3}},"331":{"start":{"line":784,"column":15},"end":{"line":784,"column":17}},"332":{"start":{"line":786,"column":2},"end":{"line":808,"column":null}},"333":{"start":{"line":787,"column":13},"end":{"line":787,"column":37}},"334":{"start":{"line":789,"column":3},"end":{"line":793,"column":null}},"335":{"start":{"line":790,"column":4},"end":{"line":790,"column":19}},"336":{"start":{"line":792,"column":4},"end":{"line":792,"column":27}},"337":{"start":{"line":795,"column":3},"end":{"line":795,"column":27}},"338":{"start":{"line":797,"column":3},"end":{"line":806,"column":null}},"339":{"start":{"line":798,"column":4},"end":{"line":805,"column":null}},"340":{"start":{"line":800,"column":6},"end":{"line":800,"column":23}},"341":{"start":{"line":801,"column":6},"end":{"line":801,"column":12}},"342":{"start":{"line":803,"column":6},"end":{"line":803,"column":24}},"343":{"start":{"line":804,"column":6},"end":{"line":804,"column":12}},"344":{"start":{"line":810,"column":2},"end":{"line":810,"column":16}},"345":{"start":{"line":819,"column":1},"end":{"line":833,"column":3}},"346":{"start":{"line":820,"column":15},"end":{"line":820,"column":17}},"347":{"start":{"line":822,"column":2},"end":{"line":829,"column":null}},"348":{"start":{"line":823,"column":15},"end":{"line":823,"column":37}},"349":{"start":{"line":824,"column":3},"end":{"line":824,"column":39}},"350":{"start":{"line":826,"column":3},"end":{"line":828,"column":null}},"351":{"start":{"line":827,"column":4},"end":{"line":827,"column":33}},"352":{"start":{"line":831,"column":2},"end":{"line":831,"column":16}},"353":{"start":{"line":834,"column":0},"end":{"line":834,"column":null}},"354":{"start":{"line":69,"column":13},"end":{"line":69,"column":19}}},"fnMap":{"0":{"name":"(anonymous_0)","decl":{"start":{"line":35,"column":0},"end":{"line":35,"column":13}},"loc":{"start":{"line":35,"column":0},"end":{"line":41,"column":null}}},"1":{"name":"DataColumn","decl":{"start":{"line":40,"column":1},"end":{"line":40,"column":20}},"loc":{"start":{"line":40,"column":30},"end":{"line":40,"column":34}}},"2":{"name":"(anonymous_2)","decl":{"start":{"line":43,"column":0},"end":{"line":43,"column":5}},"loc":{"start":{"line":43,"column":13},"end":{"line":49,"column":1}}},"3":{"name":"(anonymous_3)","decl":{"start":{"line":69,"column":0},"end":{"line":69,"column":13}},"loc":{"start":{"line":69,"column":0},"end":{"line":834,"column":null}}},"4":{"name":"ZynSql","decl":{"start":{"line":74,"column":1},"end":{"line":74,"column":13}},"loc":{"start":{"line":74,"column":28},"end":{"line":77,"column":2}}},"5":{"name":"(anonymous_5)","decl":{"start":{"line":79,"column":1},"end":{"line":79,"column":8}},"loc":{"start":{"line":79,"column":1},"end":{"line":81,"column":2}}},"6":{"name":"(anonymous_6)","decl":{"start":{"line":83,"column":1},"end":{"line":83,"column":8}},"loc":{"start":{"line":83,"column":1},"end":{"line":87,"column":2}}},"7":{"name":"(anonymous_7)","decl":{"start":{"line":89,"column":1},"end":{"line":89,"column":9}},"loc":{"start":{"line":89,"column":29},"end":{"line":97,"column":2}}},"8":{"name":"(anonymous_8)","decl":{"start":{"line":99,"column":1},"end":{"line":99,"column":9}},"loc":{"start":{"line":99,"column":30},"end":{"line":101,"column":2}}},"9":{"name":"(anonymous_9)","decl":{"start":{"line":106,"column":1},"end":{"line":106,"column":8}},"loc":{"start":{"line":106,"column":1},"end":{"line":151,"column":2}}},"10":{"name":"(anonymous_10)","decl":{"start":{"line":159,"column":1},"end":{"line":159,"column":9}},"loc":{"start":{"line":159,"column":43},"end":{"line":168,"column":2}}},"11":{"name":"(anonymous_11)","decl":{"start":{"line":170,"column":1},"end":{"line":170,"column":8}},"loc":{"start":{"line":170,"column":1},"end":{"line":182,"column":2}}},"12":{"name":"(anonymous_12)","decl":{"start":{"line":184,"column":1},"end":{"line":184,"column":8}},"loc":{"start":{"line":184,"column":25},"end":{"line":189,"column":2}}},"13":{"name":"(anonymous_13)","decl":{"start":{"line":191,"column":1},"end":{"line":191,"column":8}},"loc":{"start":{"line":191,"column":1},"end":{"line":198,"column":2}}},"14":{"name":"(anonymous_14)","decl":{"start":{"line":200,"column":1},"end":{"line":200,"column":8}},"loc":{"start":{"line":200,"column":28},"end":{"line":203,"column":2}}},"15":{"name":"(anonymous_15)","decl":{"start":{"line":205,"column":1},"end":{"line":205,"column":8}},"loc":{"start":{"line":205,"column":43},"end":{"line":208,"column":2}}},"16":{"name":"(anonymous_16)","decl":{"start":{"line":210,"column":1},"end":{"line":210,"column":8}},"loc":{"start":{"line":210,"column":1},"end":{"line":213,"column":2}}},"17":{"name":"(anonymous_17)","decl":{"start":{"line":215,"column":1},"end":{"line":215,"column":8}},"loc":{"start":{"line":215,"column":30},"end":{"line":218,"column":2}}},"18":{"name":"(anonymous_18)","decl":{"start":{"line":220,"column":1},"end":{"line":220,"column":8}},"loc":{"start":{"line":220,"column":38},"end":{"line":223,"column":2}}},"19":{"name":"(anonymous_19)","decl":{"start":{"line":225,"column":1},"end":{"line":225,"column":8}},"loc":{"start":{"line":225,"column":33},"end":{"line":228,"column":2}}},"20":{"name":"(anonymous_20)","decl":{"start":{"line":230,"column":1},"end":{"line":230,"column":8}},"loc":{"start":{"line":230,"column":30},"end":{"line":233,"column":2}}},"21":{"name":"(anonymous_21)","decl":{"start":{"line":235,"column":1},"end":{"line":235,"column":8}},"loc":{"start":{"line":235,"column":83},"end":{"line":238,"column":2}}},"22":{"name":"(anonymous_22)","decl":{"start":{"line":240,"column":1},"end":{"line":240,"column":8}},"loc":{"start":{"line":240,"column":56},"end":{"line":243,"column":2}}},"23":{"name":"(anonymous_23)","decl":{"start":{"line":245,"column":1},"end":{"line":245,"column":8}},"loc":{"start":{"line":245,"column":48},"end":{"line":249,"column":2}}},"24":{"name":"(anonymous_24)","decl":{"start":{"line":251,"column":1},"end":{"line":251,"column":8}},"loc":{"start":{"line":253,"column":32},"end":{"line":257,"column":2}}},"25":{"name":"(anonymous_25)","decl":{"start":{"line":259,"column":1},"end":{"line":259,"column":8}},"loc":{"start":{"line":259,"column":74},"end":{"line":263,"column":2}}},"26":{"name":"(anonymous_26)","decl":{"start":{"line":265,"column":1},"end":{"line":265,"column":8}},"loc":{"start":{"line":265,"column":75},"end":{"line":269,"column":2}}},"27":{"name":"(anonymous_27)","decl":{"start":{"line":271,"column":1},"end":{"line":271,"column":8}},"loc":{"start":{"line":271,"column":77},"end":{"line":275,"column":2}}},"28":{"name":"(anonymous_28)","decl":{"start":{"line":277,"column":1},"end":{"line":277,"column":8}},"loc":{"start":{"line":277,"column":77},"end":{"line":281,"column":2}}},"29":{"name":"(anonymous_29)","decl":{"start":{"line":290,"column":1},"end":{"line":290,"column":8}},"loc":{"start":{"line":290,"column":93},"end":{"line":295,"column":2}}},"30":{"name":"(anonymous_30)","decl":{"start":{"line":307,"column":1},"end":{"line":307,"column":8}},"loc":{"start":{"line":307,"column":63},"end":{"line":313,"column":2}}},"31":{"name":"(anonymous_31)","decl":{"start":{"line":315,"column":1},"end":{"line":315,"column":8}},"loc":{"start":{"line":315,"column":69},"end":{"line":319,"column":2}}},"32":{"name":"(anonymous_32)","decl":{"start":{"line":321,"column":1},"end":{"line":321,"column":8}},"loc":{"start":{"line":321,"column":1},"end":{"line":325,"column":2}}},"33":{"name":"(anonymous_33)","decl":{"start":{"line":327,"column":1},"end":{"line":327,"column":8}},"loc":{"start":{"line":327,"column":112},"end":{"line":331,"column":2}}},"34":{"name":"(anonymous_34)","decl":{"start":{"line":333,"column":1},"end":{"line":333,"column":8}},"loc":{"start":{"line":333,"column":57},"end":{"line":337,"column":2}}},"35":{"name":"(anonymous_35)","decl":{"start":{"line":345,"column":1},"end":{"line":345,"column":11}},"loc":{"start":{"line":345,"column":29},"end":{"line":352,"column":2}}},"36":{"name":"(anonymous_36)","decl":{"start":{"line":354,"column":1},"end":{"line":354,"column":12}},"loc":{"start":{"line":354,"column":57},"end":{"line":368,"column":2}}},"37":{"name":"(anonymous_37)","decl":{"start":{"line":370,"column":1},"end":{"line":370,"column":6}},"loc":{"start":{"line":370,"column":53},"end":{"line":372,"column":2}}},"38":{"name":"(anonymous_38)","decl":{"start":{"line":371,"column":27},"end":{"line":371,"column":28}},"loc":{"start":{"line":371,"column":28},"end":{"line":371,"column":33}}},"39":{"name":"(anonymous_39)","decl":{"start":{"line":374,"column":1},"end":{"line":374,"column":9}},"loc":{"start":{"line":374,"column":1},"end":{"line":387,"column":2}}},"40":{"name":"(anonymous_40)","decl":{"start":{"line":394,"column":1},"end":{"line":394,"column":8}},"loc":{"start":{"line":394,"column":28},"end":{"line":407,"column":2}}},"41":{"name":"(anonymous_41)","decl":{"start":{"line":409,"column":1},"end":{"line":409,"column":11}},"loc":{"start":{"line":409,"column":1},"end":{"line":438,"column":2}}},"42":{"name":"(anonymous_42)","decl":{"start":{"line":445,"column":1},"end":{"line":445,"column":11}},"loc":{"start":{"line":445,"column":1},"end":{"line":461,"column":2}}},"43":{"name":"(anonymous_43)","decl":{"start":{"line":463,"column":1},"end":{"line":463,"column":15}},"loc":{"start":{"line":463,"column":1},"end":{"line":479,"column":2}}},"44":{"name":"(anonymous_44)","decl":{"start":{"line":486,"column":1},"end":{"line":486,"column":12}},"loc":{"start":{"line":486,"column":1},"end":{"line":495,"column":2}}},"45":{"name":"(anonymous_45)","decl":{"start":{"line":502,"column":1},"end":{"line":502,"column":12}},"loc":{"start":{"line":502,"column":1},"end":{"line":510,"column":2}}},"46":{"name":"(anonymous_46)","decl":{"start":{"line":517,"column":1},"end":{"line":517,"column":10}},"loc":{"start":{"line":517,"column":1},"end":{"line":526,"column":2}}},"47":{"name":"(anonymous_47)","decl":{"start":{"line":533,"column":1},"end":{"line":533,"column":10}},"loc":{"start":{"line":533,"column":1},"end":{"line":553,"column":2}}},"48":{"name":"(anonymous_48)","decl":{"start":{"line":560,"column":1},"end":{"line":560,"column":9}},"loc":{"start":{"line":560,"column":1},"end":{"line":578,"column":2}}},"49":{"name":"(anonymous_49)","decl":{"start":{"line":586,"column":1},"end":{"line":586,"column":14}},"loc":{"start":{"line":586,"column":1},"end":{"line":604,"column":2}}},"50":{"name":"(anonymous_50)","decl":{"start":{"line":611,"column":1},"end":{"line":611,"column":11}},"loc":{"start":{"line":611,"column":1},"end":{"line":738,"column":2}}},"51":{"name":"(anonymous_51)","decl":{"start":{"line":745,"column":1},"end":{"line":745,"column":8}},"loc":{"start":{"line":745,"column":1},"end":{"line":776,"column":2}}},"52":{"name":"(anonymous_52)","decl":{"start":{"line":783,"column":1},"end":{"line":783,"column":13}},"loc":{"start":{"line":783,"column":1},"end":{"line":812,"column":2}}},"53":{"name":"(anonymous_53)","decl":{"start":{"line":819,"column":1},"end":{"line":819,"column":11}},"loc":{"start":{"line":819,"column":1},"end":{"line":833,"column":2}}}},"branchMap":{"0":{"loc":{"start":{"line":43,"column":5},"end":{"line":43,"column":13}},"type":"binary-expr","locations":[{"start":{"line":43,"column":5},"end":{"line":43,"column":13}},{"start":{"line":43,"column":5},"end":{"line":43,"column":null}}]},"1":{"loc":{"start":{"line":90,"column":10},"end":{"line":90,"column":34}},"type":"binary-expr","locations":[{"start":{"line":90,"column":10},"end":{"line":90,"column":34}},{"start":{"line":91,"column":6},"end":{"line":91,"column":31}},{"start":{"line":92,"column":6},"end":{"line":92,"column":28}},{"start":{"line":93,"column":6},"end":{"line":93,"column":33}},{"start":{"line":94,"column":6},"end":{"line":94,"column":33}},{"start":{"line":95,"column":6},"end":{"line":95,"column":34}}]},"2":{"loc":{"start":{"line":100,"column":10},"end":{"line":100,"column":33}},"type":"binary-expr","locations":[{"start":{"line":100,"column":10},"end":{"line":100,"column":33}},{"start":{"line":100,"column":37},"end":{"line":100,"column":63}}]},"3":{"loc":{"start":{"line":113,"column":3},"end":{"line":115,"column":null}},"type":"if","locations":[{"start":{"line":113,"column":3},"end":{"line":115,"column":null}},{"start":{"line":113,"column":3},"end":{"line":115,"column":null}}]},"4":{"loc":{"start":{"line":117,"column":3},"end":{"line":119,"column":null}},"type":"if","locations":[{"start":{"line":117,"column":3},"end":{"line":119,"column":null}},{"start":{"line":117,"column":3},"end":{"line":119,"column":null}}]},"5":{"loc":{"start":{"line":121,"column":3},"end":{"line":123,"column":null}},"type":"if","locations":[{"start":{"line":121,"column":3},"end":{"line":123,"column":null}},{"start":{"line":121,"column":3},"end":{"line":123,"column":null}}]},"6":{"loc":{"start":{"line":125,"column":3},"end":{"line":127,"column":null}},"type":"if","locations":[{"start":{"line":125,"column":3},"end":{"line":127,"column":null}},{"start":{"line":125,"column":3},"end":{"line":127,"column":null}}]},"7":{"loc":{"start":{"line":129,"column":3},"end":{"line":131,"column":null}},"type":"if","locations":[{"start":{"line":129,"column":3},"end":{"line":131,"column":null}},{"start":{"line":129,"column":3},"end":{"line":131,"column":null}}]},"8":{"loc":{"start":{"line":133,"column":3},"end":{"line":135,"column":null}},"type":"if","locations":[{"start":{"line":133,"column":3},"end":{"line":135,"column":null}},{"start":{"line":133,"column":3},"end":{"line":135,"column":null}}]},"9":{"loc":{"start":{"line":137,"column":3},"end":{"line":139,"column":null}},"type":"if","locations":[{"start":{"line":137,"column":3},"end":{"line":139,"column":null}},{"start":{"line":137,"column":3},"end":{"line":139,"column":null}}]},"10":{"loc":{"start":{"line":141,"column":3},"end":{"line":143,"column":null}},"type":"if","locations":[{"start":{"line":141,"column":3},"end":{"line":143,"column":null}},{"start":{"line":141,"column":3},"end":{"line":143,"column":null}}]},"11":{"loc":{"start":{"line":145,"column":3},"end":{"line":147,"column":null}},"type":"if","locations":[{"start":{"line":145,"column":3},"end":{"line":147,"column":null}},{"start":{"line":145,"column":3},"end":{"line":147,"column":null}}]},"12":{"loc":{"start":{"line":163,"column":2},"end":{"line":165,"column":null}},"type":"if","locations":[{"start":{"line":163,"column":2},"end":{"line":165,"column":null}},{"start":{"line":163,"column":2},"end":{"line":165,"column":null}}]},"13":{"loc":{"start":{"line":163,"column":6},"end":{"line":163,"column":16}},"type":"binary-expr","locations":[{"start":{"line":163,"column":6},"end":{"line":163,"column":16}},{"start":{"line":163,"column":20},"end":{"line":163,"column":32}}]},"14":{"loc":{"start":{"line":172,"column":2},"end":{"line":174,"column":null}},"type":"if","locations":[{"start":{"line":172,"column":2},"end":{"line":174,"column":null}},{"start":{"line":172,"column":2},"end":{"line":174,"column":null}}]},"15":{"loc":{"start":{"line":235,"column":58},"end":{"line":235,"column":null}},"type":"if","locations":[{"start":{"line":235,"column":58},"end":{"line":235,"column":null}},{"start":{"line":235,"column":58},"end":{"line":235,"column":null}}]},"16":{"loc":{"start":{"line":240,"column":36},"end":{"line":240,"column":null}},"type":"if","locations":[{"start":{"line":240,"column":36},"end":{"line":240,"column":null}},{"start":{"line":240,"column":36},"end":{"line":240,"column":null}}]},"17":{"loc":{"start":{"line":245,"column":28},"end":{"line":245,"column":null}},"type":"if","locations":[{"start":{"line":245,"column":28},"end":{"line":245,"column":null}},{"start":{"line":245,"column":28},"end":{"line":245,"column":null}}]},"18":{"loc":{"start":{"line":251,"column":27},"end":{"line":251,"column":null}},"type":"if","locations":[{"start":{"line":251,"column":27},"end":{"line":251,"column":null}},{"start":{"line":251,"column":27},"end":{"line":251,"column":null}}]},"19":{"loc":{"start":{"line":252,"column":5},"end":{"line":252,"column":null}},"type":"if","locations":[{"start":{"line":252,"column":5},"end":{"line":252,"column":null}},{"start":{"line":252,"column":5},"end":{"line":252,"column":null}}]},"20":{"loc":{"start":{"line":253,"column":5},"end":{"line":253,"column":null}},"type":"if","locations":[{"start":{"line":253,"column":5},"end":{"line":253,"column":null}},{"start":{"line":253,"column":5},"end":{"line":253,"column":null}}]},"21":{"loc":{"start":{"line":259,"column":29},"end":{"line":259,"column":49}},"type":"if","locations":[{"start":{"line":259,"column":29},"end":{"line":259,"column":49}},{"start":{"line":259,"column":29},"end":{"line":259,"column":49}}]},"22":{"loc":{"start":{"line":265,"column":30},"end":{"line":265,"column":50}},"type":"if","locations":[{"start":{"line":265,"column":30},"end":{"line":265,"column":50}},{"start":{"line":265,"column":30},"end":{"line":265,"column":50}}]},"23":{"loc":{"start":{"line":271,"column":32},"end":{"line":271,"column":52}},"type":"if","locations":[{"start":{"line":271,"column":32},"end":{"line":271,"column":52}},{"start":{"line":271,"column":32},"end":{"line":271,"column":52}}]},"24":{"loc":{"start":{"line":277,"column":32},"end":{"line":277,"column":52}},"type":"if","locations":[{"start":{"line":277,"column":32},"end":{"line":277,"column":52}},{"start":{"line":277,"column":32},"end":{"line":277,"column":52}}]},"25":{"loc":{"start":{"line":290,"column":51},"end":{"line":290,"column":null}},"type":"if","locations":[{"start":{"line":290,"column":51},"end":{"line":290,"column":null}},{"start":{"line":290,"column":51},"end":{"line":290,"column":null}}]},"26":{"loc":{"start":{"line":315,"column":32},"end":{"line":315,"column":null}},"type":"if","locations":[{"start":{"line":315,"column":32},"end":{"line":315,"column":null}},{"start":{"line":315,"column":32},"end":{"line":315,"column":null}}]},"27":{"loc":{"start":{"line":327,"column":25},"end":{"line":327,"column":44}},"type":"if","locations":[{"start":{"line":327,"column":25},"end":{"line":327,"column":44}},{"start":{"line":327,"column":25},"end":{"line":327,"column":44}}]},"28":{"loc":{"start":{"line":327,"column":44},"end":{"line":327,"column":87}},"type":"if","locations":[{"start":{"line":327,"column":44},"end":{"line":327,"column":87}},{"start":{"line":327,"column":44},"end":{"line":327,"column":87}}]},"29":{"loc":{"start":{"line":327,"column":87},"end":{"line":327,"column":null}},"type":"if","locations":[{"start":{"line":327,"column":87},"end":{"line":327,"column":null}},{"start":{"line":327,"column":87},"end":{"line":327,"column":null}}]},"30":{"loc":{"start":{"line":333,"column":35},"end":{"line":333,"column":null}},"type":"if","locations":[{"start":{"line":333,"column":35},"end":{"line":333,"column":null}},{"start":{"line":333,"column":35},"end":{"line":333,"column":null}}]},"31":{"loc":{"start":{"line":347,"column":2},"end":{"line":351,"column":null}},"type":"if","locations":[{"start":{"line":347,"column":2},"end":{"line":351,"column":null}},{"start":{"line":347,"column":2},"end":{"line":351,"column":null}}]},"32":{"loc":{"start":{"line":354,"column":32},"end":{"line":354,"column":null}},"type":"if","locations":[{"start":{"line":354,"column":32},"end":{"line":354,"column":null}},{"start":{"line":354,"column":32},"end":{"line":354,"column":null}}]},"33":{"loc":{"start":{"line":359,"column":3},"end":{"line":364,"column":null}},"type":"if","locations":[{"start":{"line":359,"column":3},"end":{"line":364,"column":null}},{"start":{"line":359,"column":3},"end":{"line":364,"column":null}}]},"34":{"loc":{"start":{"line":361,"column":4},"end":{"line":363,"column":null}},"type":"if","locations":[{"start":{"line":361,"column":4},"end":{"line":363,"column":null}},{"start":{"line":361,"column":4},"end":{"line":363,"column":null}}]},"35":{"loc":{"start":{"line":380,"column":3},"end":{"line":383,"column":null}},"type":"if","locations":[{"start":{"line":380,"column":3},"end":{"line":383,"column":null}},{"start":{"line":380,"column":3},"end":{"line":383,"column":null}}]},"36":{"loc":{"start":{"line":397,"column":2},"end":{"line":404,"column":null}},"type":"if","locations":[{"start":{"line":397,"column":2},"end":{"line":404,"column":null}},{"start":{"line":397,"column":2},"end":{"line":404,"column":null}}]},"37":{"loc":{"start":{"line":400,"column":7},"end":{"line":404,"column":null}},"type":"if","locations":[{"start":{"line":400,"column":7},"end":{"line":404,"column":null}},{"start":{"line":400,"column":7},"end":{"line":404,"column":null}}]},"38":{"loc":{"start":{"line":412,"column":2},"end":{"line":413,"column":13}},"type":"if","locations":[{"start":{"line":412,"column":2},"end":{"line":413,"column":13}},{"start":{"line":412,"column":2},"end":{"line":413,"column":13}}]},"39":{"loc":{"start":{"line":417,"column":39},"end":{"line":417,"column":65}},"type":"cond-expr","locations":[{"start":{"line":417,"column":39},"end":{"line":417,"column":65}},{"start":{"line":417,"column":68},"end":{"line":417,"column":88}}]},"40":{"loc":{"start":{"line":425,"column":3},"end":{"line":428,"column":null}},"type":"if","locations":[{"start":{"line":425,"column":3},"end":{"line":428,"column":null}},{"start":{"line":425,"column":3},"end":{"line":428,"column":null}}]},"41":{"loc":{"start":{"line":448,"column":2},"end":{"line":458,"column":null}},"type":"if","locations":[{"start":{"line":448,"column":2},"end":{"line":458,"column":null}},{"start":{"line":448,"column":2},"end":{"line":458,"column":null}}]},"42":{"loc":{"start":{"line":451,"column":3},"end":{"line":455,"column":null}},"type":"if","locations":[{"start":{"line":451,"column":3},"end":{"line":455,"column":null}},{"start":{"line":451,"column":3},"end":{"line":455,"column":null}}]},"43":{"loc":{"start":{"line":466,"column":2},"end":{"line":476,"column":null}},"type":"if","locations":[{"start":{"line":466,"column":2},"end":{"line":476,"column":null}},{"start":{"line":466,"column":2},"end":{"line":476,"column":null}}]},"44":{"loc":{"start":{"line":469,"column":3},"end":{"line":473,"column":null}},"type":"if","locations":[{"start":{"line":469,"column":3},"end":{"line":473,"column":null}},{"start":{"line":469,"column":3},"end":{"line":473,"column":null}}]},"45":{"loc":{"start":{"line":489,"column":2},"end":{"line":492,"column":null}},"type":"if","locations":[{"start":{"line":489,"column":2},"end":{"line":492,"column":null}},{"start":{"line":489,"column":2},"end":{"line":492,"column":null}}]},"46":{"loc":{"start":{"line":505,"column":2},"end":{"line":507,"column":null}},"type":"if","locations":[{"start":{"line":505,"column":2},"end":{"line":507,"column":null}},{"start":{"line":505,"column":2},"end":{"line":507,"column":null}}]},"47":{"loc":{"start":{"line":520,"column":2},"end":{"line":523,"column":null}},"type":"if","locations":[{"start":{"line":520,"column":2},"end":{"line":523,"column":null}},{"start":{"line":520,"column":2},"end":{"line":523,"column":null}}]},"48":{"loc":{"start":{"line":536,"column":2},"end":{"line":550,"column":null}},"type":"if","locations":[{"start":{"line":536,"column":2},"end":{"line":550,"column":null}},{"start":{"line":536,"column":2},"end":{"line":550,"column":null}}]},"49":{"loc":{"start":{"line":539,"column":3},"end":{"line":543,"column":null}},"type":"if","locations":[{"start":{"line":539,"column":3},"end":{"line":543,"column":null}},{"start":{"line":539,"column":3},"end":{"line":543,"column":null}}]},"50":{"loc":{"start":{"line":547,"column":3},"end":{"line":549,"column":null}},"type":"if","locations":[{"start":{"line":547,"column":3},"end":{"line":549,"column":null}},{"start":{"line":547,"column":3},"end":{"line":549,"column":null}}]},"51":{"loc":{"start":{"line":563,"column":2},"end":{"line":574,"column":null}},"type":"if","locations":[{"start":{"line":563,"column":2},"end":{"line":574,"column":null}},{"start":{"line":563,"column":2},"end":{"line":574,"column":null}}]},"52":{"loc":{"start":{"line":566,"column":3},"end":{"line":570,"column":null}},"type":"if","locations":[{"start":{"line":566,"column":3},"end":{"line":570,"column":null}},{"start":{"line":566,"column":3},"end":{"line":570,"column":null}}]},"53":{"loc":{"start":{"line":572,"column":26},"end":{"line":572,"column":52}},"type":"cond-expr","locations":[{"start":{"line":572,"column":26},"end":{"line":572,"column":52}},{"start":{"line":572,"column":55},"end":{"line":572,"column":64}}]},"54":{"loc":{"start":{"line":589,"column":2},"end":{"line":600,"column":null}},"type":"if","locations":[{"start":{"line":589,"column":2},"end":{"line":600,"column":null}},{"start":{"line":589,"column":2},"end":{"line":600,"column":null}}]},"55":{"loc":{"start":{"line":596,"column":3},"end":{"line":599,"column":null}},"type":"if","locations":[{"start":{"line":596,"column":3},"end":{"line":599,"column":null}},{"start":{"line":596,"column":3},"end":{"line":599,"column":null}}]},"56":{"loc":{"start":{"line":597,"column":32},"end":{"line":597,"column":58}},"type":"cond-expr","locations":[{"start":{"line":597,"column":32},"end":{"line":597,"column":58}},{"start":{"line":597,"column":61},"end":{"line":597,"column":70}}]},"57":{"loc":{"start":{"line":614,"column":2},"end":{"line":618,"column":null}},"type":"if","locations":[{"start":{"line":614,"column":2},"end":{"line":618,"column":null}},{"start":{"line":614,"column":2},"end":{"line":618,"column":null}}]},"58":{"loc":{"start":{"line":620,"column":2},"end":{"line":626,"column":null}},"type":"if","locations":[{"start":{"line":620,"column":2},"end":{"line":626,"column":null}},{"start":{"line":620,"column":2},"end":{"line":626,"column":null}}]},"59":{"loc":{"start":{"line":631,"column":2},"end":{"line":658,"column":null}},"type":"if","locations":[{"start":{"line":631,"column":2},"end":{"line":658,"column":null}},{"start":{"line":631,"column":2},"end":{"line":658,"column":null}}]},"60":{"loc":{"start":{"line":634,"column":3},"end":{"line":657,"column":null}},"type":"if","locations":[{"start":{"line":634,"column":3},"end":{"line":657,"column":null}},{"start":{"line":634,"column":3},"end":{"line":657,"column":null}}]},"61":{"loc":{"start":{"line":644,"column":5},"end":{"line":647,"column":null}},"type":"if","locations":[{"start":{"line":644,"column":5},"end":{"line":647,"column":null}},{"start":{"line":644,"column":5},"end":{"line":647,"column":null}}]},"62":{"loc":{"start":{"line":748,"column":2},"end":{"line":773,"column":null}},"type":"if","locations":[{"start":{"line":748,"column":2},"end":{"line":773,"column":null}},{"start":{"line":748,"column":2},"end":{"line":773,"column":null}}]},"63":{"loc":{"start":{"line":752,"column":3},"end":{"line":772,"column":null}},"type":"if","locations":[{"start":{"line":752,"column":3},"end":{"line":772,"column":null}},{"start":{"line":752,"column":3},"end":{"line":772,"column":null}}]},"64":{"loc":{"start":{"line":754,"column":4},"end":{"line":771,"column":null}},"type":"if","locations":[{"start":{"line":754,"column":4},"end":{"line":771,"column":null}},{"start":{"line":754,"column":4},"end":{"line":771,"column":null}}]},"65":{"loc":{"start":{"line":756,"column":6},"end":{"line":758,"column":13}},"type":"switch","locations":[{"start":{"line":756,"column":6},"end":{"line":758,"column":13}},{"start":{"line":760,"column":6},"end":{"line":762,"column":13}}]},"66":{"loc":{"start":{"line":786,"column":2},"end":{"line":808,"column":null}},"type":"if","locations":[{"start":{"line":786,"column":2},"end":{"line":808,"column":null}},{"start":{"line":786,"column":2},"end":{"line":808,"column":null}}]},"67":{"loc":{"start":{"line":789,"column":3},"end":{"line":793,"column":null}},"type":"if","locations":[{"start":{"line":789,"column":3},"end":{"line":793,"column":null}},{"start":{"line":789,"column":3},"end":{"line":793,"column":null}}]},"68":{"loc":{"start":{"line":797,"column":3},"end":{"line":806,"column":null}},"type":"if","locations":[{"start":{"line":797,"column":3},"end":{"line":806,"column":null}},{"start":{"line":797,"column":3},"end":{"line":806,"column":null}}]},"69":{"loc":{"start":{"line":799,"column":5},"end":{"line":801,"column":12}},"type":"switch","locations":[{"start":{"line":799,"column":5},"end":{"line":801,"column":12}},{"start":{"line":802,"column":5},"end":{"line":804,"column":12}}]},"70":{"loc":{"start":{"line":822,"column":2},"end":{"line":829,"column":null}},"type":"if","locations":[{"start":{"line":822,"column":2},"end":{"line":829,"column":null}},{"start":{"line":822,"column":2},"end":{"line":829,"column":null}}]},"71":{"loc":{"start":{"line":826,"column":3},"end":{"line":828,"column":null}},"type":"if","locations":[{"start":{"line":826,"column":3},"end":{"line":828,"column":null}},{"start":{"line":826,"column":3},"end":{"line":828,"column":null}}]}},"s":{"0":1,"1":1,"2":1,"3":1,"4":1,"5":0,"6":1,"7":1,"8":1,"9":1,"10":1,"11":1,"12":1,"13":1,"14":1,"15":1,"16":1,"17":1,"18":1,"19":1,"20":0,"21":1,"22":0,"23":0,"24":0,"25":0,"26":0,"27":1,"28":1,"29":1,"30":0,"31":1,"32":1,"33":1,"34":1,"35":1,"36":1,"37":1,"38":0,"39":1,"40":0,"41":1,"42":1,"43":1,"44":0,"45":1,"46":0,"47":1,"48":0,"49":1,"50":0,"51":1,"52":0,"53":1,"54":0,"55":1,"56":1,"57":0,"58":0,"59":0,"60":0,"61":1,"62":2,"63":1,"64":0,"65":1,"66":0,"67":0,"68":1,"69":1,"70":0,"71":0,"72":0,"73":0,"74":1,"75":0,"76":0,"77":0,"78":0,"79":0,"80":1,"81":0,"82":0,"83":1,"84":0,"85":0,"86":1,"87":0,"88":0,"89":0,"90":1,"91":0,"92":0,"93":1,"94":0,"95":0,"96":1,"97":0,"98":0,"99":1,"100":0,"101":0,"102":1,"103":0,"104":0,"105":0,"106":1,"107":0,"108":0,"109":0,"110":1,"111":2,"112":1,"113":1,"114":1,"115":1,"116":0,"117":0,"118":0,"119":0,"120":0,"121":0,"122":1,"123":0,"124":0,"125":0,"126":0,"127":1,"128":0,"129":0,"130":0,"131":0,"132":1,"133":0,"134":0,"135":0,"136":0,"137":1,"138":0,"139":0,"140":0,"141":0,"142":1,"143":0,"144":0,"145":0,"146":0,"147":1,"148":0,"149":0,"150":0,"151":0,"152":1,"153":0,"154":0,"155":0,"156":0,"157":1,"158":0,"159":0,"160":0,"161":1,"162":0,"163":0,"164":0,"165":0,"166":0,"167":0,"168":1,"169":0,"170":0,"171":0,"172":0,"173":1,"174":0,"175":0,"176":0,"177":0,"178":1,"179":0,"180":0,"181":0,"182":0,"183":0,"184":0,"185":0,"186":0,"187":0,"188":0,"189":1,"190":0,"191":0,"192":1,"193":0,"194":0,"195":0,"196":0,"197":0,"198":0,"199":0,"200":1,"201":0,"202":0,"203":0,"204":0,"205":0,"206":0,"207":0,"208":1,"209":0,"210":0,"211":0,"212":0,"213":0,"214":0,"215":0,"216":0,"217":0,"218":0,"219":0,"220":0,"221":0,"222":0,"223":0,"224":0,"225":0,"226":0,"227":1,"228":0,"229":0,"230":0,"231":0,"232":0,"233":0,"234":0,"235":0,"236":1,"237":0,"238":0,"239":0,"240":0,"241":0,"242":0,"243":0,"244":0,"245":1,"246":0,"247":0,"248":0,"249":0,"250":0,"251":1,"252":0,"253":0,"254":0,"255":0,"256":1,"257":0,"258":0,"259":0,"260":0,"261":0,"262":1,"263":1,"264":1,"265":1,"266":1,"267":0,"268":1,"269":1,"270":1,"271":0,"272":1,"273":1,"274":0,"275":0,"276":0,"277":0,"278":0,"279":0,"280":0,"281":0,"282":0,"283":1,"284":0,"285":0,"286":0,"287":0,"288":0,"289":0,"290":0,"291":0,"292":1,"293":0,"294":0,"295":0,"296":0,"297":0,"298":0,"299":0,"300":0,"301":0,"302":0,"303":0,"304":0,"305":0,"306":0,"307":0,"308":0,"309":0,"310":0,"311":0,"312":0,"313":0,"314":0,"315":0,"316":1,"317":0,"318":0,"319":0,"320":0,"321":0,"322":0,"323":0,"324":0,"325":0,"326":0,"327":0,"328":0,"329":0,"330":1,"331":0,"332":0,"333":0,"334":0,"335":0,"336":0,"337":0,"338":0,"339":0,"340":0,"341":0,"342":0,"343":0,"344":0,"345":1,"346":0,"347":0,"348":0,"349":0,"350":0,"351":0,"352":0,"353":1,"354":1},"f":{"0":1,"1":0,"2":1,"3":1,"4":1,"5":0,"6":0,"7":1,"8":0,"9":1,"10":0,"11":1,"12":0,"13":0,"14":0,"15":0,"16":0,"17":0,"18":0,"19":0,"20":0,"21":0,"22":0,"23":1,"24":0,"25":0,"26":0,"27":0,"28":0,"29":0,"30":0,"31":0,"32":0,"33":0,"34":0,"35":0,"36":0,"37":0,"38":0,"39":0,"40":0,"41":0,"42":0,"43":0,"44":0,"45":0,"46":0,"47":1,"48":0,"49":0,"50":0,"51":0,"52":0,"53":0},"b":{"0":[1,1],"1":[1,1,1,1,1,1],"2":[0,0],"3":[0,1],"4":[0,1],"5":[1,0],"6":[0,1],"7":[0,1],"8":[0,1],"9":[0,1],"10":[0,1],"11":[0,1],"12":[0,0],"13":[0,0],"14":[0,1],"15":[0,0],"16":[0,0],"17":[1,0],"18":[0,0],"19":[0,0],"20":[0,0],"21":[0,0],"22":[0,0],"23":[0,0],"24":[0,0],"25":[0,0],"26":[0,0],"27":[0,0],"28":[0,0],"29":[0,0],"30":[0,0],"31":[0,0],"32":[0,0],"33":[0,0],"34":[0,0],"35":[0,0],"36":[0,0],"37":[0,0],"38":[0,0],"39":[0,0],"40":[0,0],"41":[0,0],"42":[0,0],"43":[0,0],"44":[0,0],"45":[0,0],"46":[0,0],"47":[0,0],"48":[1,0],"49":[0,1],"50":[0,1],"51":[0,0],"52":[0,0],"53":[0,0],"54":[0,0],"55":[0,0],"56":[0,0],"57":[0,0],"58":[0,0],"59":[0,0],"60":[0,0],"61":[0,0],"62":[0,0],"63":[0,0],"64":[0,0],"65":[0,0],"66":[0,0],"67":[0,0],"68":[0,0],"69":[0,0],"70":[0,0],"71":[0,0]}}
,"/Users/patrikforsberg/Development/npm-packages/zynaptic-sql/src/types.ts": {"path":"/Users/patrikforsberg/Development/npm-packages/zynaptic-sql/src/types.ts","statementMap":{"0":{"start":{"line":21,"column":0},"end":{"line":21,"column":null}},"1":{"start":{"line":22,"column":1},"end":{"line":22,"column":null}},"2":{"start":{"line":23,"column":1},"end":{"line":23,"column":null}},"3":{"start":{"line":24,"column":1},"end":{"line":24,"column":null}},"4":{"start":{"line":25,"column":1},"end":{"line":25,"column":null}},"5":{"start":{"line":26,"column":1},"end":{"line":26,"column":null}},"6":{"start":{"line":27,"column":1},"end":{"line":27,"column":null}},"7":{"start":{"line":28,"column":1},"end":{"line":28,"column":null}},"8":{"start":{"line":29,"column":1},"end":{"line":29,"column":null}},"9":{"start":{"line":30,"column":1},"end":{"line":30,"column":null}},"10":{"start":{"line":33,"column":0},"end":{"line":33,"column":null}},"11":{"start":{"line":34,"column":1},"end":{"line":34,"column":null}},"12":{"start":{"line":35,"column":1},"end":{"line":35,"column":null}},"13":{"start":{"line":36,"column":1},"end":{"line":36,"column":null}},"14":{"start":{"line":37,"column":1},"end":{"line":37,"column":null}},"15":{"start":{"line":38,"column":1},"end":{"line":38,"column":null}},"16":{"start":{"line":39,"column":1},"end":{"line":39,"column":null}},"17":{"start":{"line":40,"column":1},"end":{"line":40,"column":null}},"18":{"start":{"line":41,"column":1},"end":{"line":41,"column":null}},"19":{"start":{"line":42,"column":1},"end":{"line":42,"column":null}},"20":{"start":{"line":43,"column":1},"end":{"line":43,"column":null}},"21":{"start":{"line":44,"column":1},"end":{"line":44,"column":null}},"22":{"start":{"line":45,"column":1},"end":{"line":45,"column":null}},"23":{"start":{"line":48,"column":0},"end":{"line":48,"column":null}},"24":{"start":{"line":49,"column":1},"end":{"line":49,"column":null}},"25":{"start":{"line":50,"column":1},"end":{"line":50,"column":null}},"26":{"start":{"line":51,"column":1},"end":{"line":51,"column":null}},"27":{"start":{"line":54,"column":0},"end":{"line":54,"column":null}},"28":{"start":{"line":55,"column":1},"end":{"line":55,"column":null}},"29":{"start":{"line":56,"column":1},"end":{"line":56,"column":null}},"30":{"start":{"line":57,"column":1},"end":{"line":57,"column":null}},"31":{"start":{"line":58,"column":1},"end":{"line":58,"column":null}},"32":{"start":{"line":61,"column":0},"end":{"line":61,"column":null}},"33":{"start":{"line":62,"column":1},"end":{"line":62,"column":null}},"34":{"start":{"line":63,"column":1},"end":{"line":63,"column":null}},"35":{"start":{"line":64,"column":1},"end":{"line":64,"column":null}},"36":{"start":{"line":65,"column":1},"end":{"line":65,"column":null}},"37":{"start":{"line":66,"column":1},"end":{"line":66,"column":null}}},"fnMap":{"0":{"name":"(anonymous_0)","decl":{"start":{"line":21,"column":0},"end":{"line":21,"column":12}},"loc":{"start":{"line":21,"column":23},"end":{"line":31,"column":1}}},"1":{"name":"(anonymous_1)","decl":{"start":{"line":33,"column":0},"end":{"line":33,"column":12}},"loc":{"start":{"line":33,"column":23},"end":{"line":46,"column":1}}},"2":{"name":"(anonymous_2)","decl":{"start":{"line":48,"column":0},"end":{"line":48,"column":12}},"loc":{"start":{"line":48,"column":21},"end":{"line":52,"column":1}}},"3":{"name":"(anonymous_3)","decl":{"start":{"line":54,"column":0},"end":{"line":54,"column":12}},"loc":{"start":{"line":54,"column":20},"end":{"line":59,"column":1}}},"4":{"name":"(anonymous_4)","decl":{"start":{"line":61,"column":0},"end":{"line":61,"column":5}},"loc":{"start":{"line":61,"column":13},"end":{"line":67,"column":1}}}},"branchMap":{"0":{"loc":{"start":{"line":21,"column":12},"end":{"line":21,"column":23}},"type":"binary-expr","locations":[{"start":{"line":21,"column":12},"end":{"line":21,"column":23}},{"start":{"line":21,"column":12},"end":{"line":21,"column":null}}]},"1":{"loc":{"start":{"line":33,"column":12},"end":{"line":33,"column":23}},"type":"binary-expr","locations":[{"start":{"line":33,"column":12},"end":{"line":33,"column":23}},{"start":{"line":33,"column":12},"end":{"line":33,"column":null}}]},"2":{"loc":{"start":{"line":48,"column":12},"end":{"line":48,"column":21}},"type":"binary-expr","locations":[{"start":{"line":48,"column":12},"end":{"line":48,"column":21}},{"start":{"line":48,"column":12},"end":{"line":48,"column":null}}]},"3":{"loc":{"start":{"line":54,"column":12},"end":{"line":54,"column":20}},"type":"binary-expr","locations":[{"start":{"line":54,"column":12},"end":{"line":54,"column":20}},{"start":{"line":54,"column":12},"end":{"line":54,"column":null}}]},"4":{"loc":{"start":{"line":61,"column":5},"end":{"line":61,"column":13}},"type":"binary-expr","locations":[{"start":{"line":61,"column":5},"end":{"line":61,"column":13}},{"start":{"line":61,"column":5},"end":{"line":61,"column":null}}]}},"s":{"0":1,"1":1,"2":1,"3":1,"4":1,"5":1,"6":1,"7":1,"8":1,"9":1,"10":1,"11":1,"12":1,"13":1,"14":1,"15":1,"16":1,"17":1,"18":1,"19":1,"20":1,"21":1,"22":1,"23":1,"24":1,"25":1,"26":1,"27":1,"28":1,"29":1,"30":1,"31":1,"32":1,"33":1,"34":1,"35":1,"36":1,"37":1},"f":{"0":1,"1":1,"2":1,"3":1,"4":1},"b":{"0":[1,1],"1":[1,1],"2":[1,1],"3":[1,1],"4":[1,1]}}
,"/Users/patrikforsberg/Development/npm-packages/zynaptic-sql/src/utils.ts": {"path":"/Users/patrikforsberg/Development/npm-packages/zynaptic-sql/src/utils.ts","statementMap":{"0":{"start":{"line":11,"column":28},"end":{"line":11,"column":32}},"1":{"start":{"line":12,"column":28},"end":{"line":12,"column":33}},"2":{"start":{"line":13,"column":28},"end":{"line":13,"column":53}},"3":{"start":{"line":14,"column":28},"end":{"line":24,"column":2}},"4":{"start":{"line":26,"column":0},"end":{"line":26,"column":38}},"5":{"start":{"line":28,"column":0},"end":{"line":28,"column":null}},"6":{"start":{"line":29,"column":1},"end":{"line":29,"column":null}},"7":{"start":{"line":30,"column":1},"end":{"line":30,"column":null}},"8":{"start":{"line":31,"column":1},"end":{"line":31,"column":null}},"9":{"start":{"line":32,"column":1},"end":{"line":32,"column":null}},"10":{"start":{"line":33,"column":1},"end":{"line":33,"column":null}},"11":{"start":{"line":34,"column":1},"end":{"line":34,"column":null}},"12":{"start":{"line":35,"column":1},"end":{"line":35,"column":null}},"13":{"start":{"line":36,"column":1},"end":{"line":36,"column":null}},"14":{"start":{"line":37,"column":1},"end":{"line":37,"column":null}},"15":{"start":{"line":40,"column":0},"end":{"line":40,"column":13}},"16":{"start":{"line":41,"column":15},"end":{"line":44,"column":null}},"17":{"start":{"line":42,"column":2},"end":{"line":42,"column":43}},"18":{"start":{"line":43,"column":2},"end":{"line":43,"column":62}},"19":{"start":{"line":46,"column":15},"end":{"line":88,"column":null}},"20":{"start":{"line":47,"column":12},"end":{"line":47,"column":14}},"21":{"start":{"line":49,"column":2},"end":{"line":85,"column":null}},"22":{"start":{"line":51,"column":4},"end":{"line":51,"column":51}},"23":{"start":{"line":52,"column":4},"end":{"line":52,"column":10}},"24":{"start":{"line":56,"column":4},"end":{"line":56,"column":53}},"25":{"start":{"line":57,"column":4},"end":{"line":57,"column":10}},"26":{"start":{"line":60,"column":4},"end":{"line":60,"column":51}},"27":{"start":{"line":61,"column":4},"end":{"line":61,"column":10}},"28":{"start":{"line":64,"column":4},"end":{"line":64,"column":52}},"29":{"start":{"line":65,"column":4},"end":{"line":65,"column":10}},"30":{"start":{"line":68,"column":4},"end":{"line":68,"column":51}},"31":{"start":{"line":69,"column":4},"end":{"line":69,"column":10}},"32":{"start":{"line":72,"column":4},"end":{"line":72,"column":52}},"33":{"start":{"line":73,"column":4},"end":{"line":73,"column":10}},"34":{"start":{"line":76,"column":4},"end":{"line":76,"column":83}},"35":{"start":{"line":77,"column":4},"end":{"line":77,"column":10}},"36":{"start":{"line":80,"column":4},"end":{"line":80,"column":52}},"37":{"start":{"line":81,"column":4},"end":{"line":81,"column":10}},"38":{"start":{"line":83,"column":4},"end":{"line":83,"column":30}},"39":{"start":{"line":87,"column":2},"end":{"line":87,"column":13}},"40":{"start":{"line":90,"column":15},"end":{"line":107,"column":null}},"41":{"start":{"line":90,"column":34},"end":{"line":90,"column":null}},"42":{"start":{"line":91,"column":2},"end":{"line":106,"column":null}},"43":{"start":{"line":92,"column":13},"end":{"line":92,"column":15}},"44":{"start":{"line":94,"column":3},"end":{"line":96,"column":null}},"45":{"start":{"line":94,"column":16},"end":{"line":94,"column":17}},"46":{"start":{"line":95,"column":4},"end":{"line":95,"column":78}},"47":{"start":{"line":98,"column":3},"end":{"line":98,"column":14}},"48":{"start":{"line":100,"column":9},"end":{"line":106,"column":null}},"49":{"start":{"line":101,"column":3},"end":{"line":101,"column":66}},"50":{"start":{"line":104,"column":3},"end":{"line":104,"column":101}},"51":{"start":{"line":115,"column":15},"end":{"line":142,"column":3}},"52":{"start":{"line":115,"column":32},"end":{"line":115,"column":57}},"53":{"start":{"line":115,"column":57},"end":{"line":115,"column":null}},"54":{"start":{"line":116,"column":2},"end":{"line":118,"column":null}},"55":{"start":{"line":117,"column":3},"end":{"line":117,"column":17}},"56":{"start":{"line":120,"column":2},"end":{"line":141,"column":null}},"57":{"start":{"line":122,"column":4},"end":{"line":122,"column":36}},"58":{"start":{"line":124,"column":4},"end":{"line":124,"column":20}},"59":{"start":{"line":126,"column":4},"end":{"line":138,"column":null}},"60":{"start":{"line":127,"column":5},"end":{"line":127,"column":60}},"61":{"start":{"line":128,"column":11},"end":{"line":138,"column":null}},"62":{"start":{"line":129,"column":5},"end":{"line":129,"column":48}},"63":{"start":{"line":130,"column":11},"end":{"line":138,"column":null}},"64":{"start":{"line":131,"column":5},"end":{"line":131,"column":41}},"65":{"start":{"line":132,"column":11},"end":{"line":138,"column":null}},"66":{"start":{"line":133,"column":5},"end":{"line":133,"column":37}},"67":{"start":{"line":134,"column":11},"end":{"line":138,"column":null}},"68":{"start":{"line":135,"column":5},"end":{"line":135,"column":50}},"69":{"start":{"line":137,"column":5},"end":{"line":137,"column":51}},"70":{"start":{"line":140,"column":4},"end":{"line":140,"column":38}},"71":{"start":{"line":144,"column":15},"end":{"line":158,"column":null}},"72":{"start":{"line":145,"column":12},"end":{"line":145,"column":14}},"73":{"start":{"line":147,"column":2},"end":{"line":155,"column":null}},"74":{"start":{"line":147,"column":15},"end":{"line":147,"column":16}},"75":{"start":{"line":148,"column":13},"end":{"line":148,"column":21}},"76":{"start":{"line":150,"column":3},"end":{"line":154,"column":null}},"77":{"start":{"line":151,"column":4},"end":{"line":151,"column":83}},"78":{"start":{"line":153,"column":4},"end":{"line":153,"column":72}},"79":{"start":{"line":157,"column":2},"end":{"line":157,"column":13}},"80":{"start":{"line":160,"column":15},"end":{"line":201,"column":null}},"81":{"start":{"line":161,"column":2},"end":{"line":163,"column":null}},"82":{"start":{"line":162,"column":3},"end":{"line":162,"column":14}},"83":{"start":{"line":165,"column":2},"end":{"line":167,"column":null}},"84":{"start":{"line":166,"column":3},"end":{"line":166,"column":21}},"85":{"start":{"line":169,"column":19},"end":{"line":169,"column":20}},"86":{"start":{"line":170,"column":26},"end":{"line":170,"column":32}},"87":{"start":{"line":171,"column":15},"end":{"line":171,"column":17}},"88":{"start":{"line":172,"column":20},"end":{"line":172,"column":21}},"89":{"start":{"line":175,"column":2},"end":{"line":189,"column":null}},"90":{"start":{"line":176,"column":13},"end":{"line":176,"column":28}},"91":{"start":{"line":178,"column":3},"end":{"line":180,"column":null}},"92":{"start":{"line":179,"column":4},"end":{"line":179,"column":13}},"93":{"start":{"line":182,"column":15},"end":{"line":184,"column":70}},"94":{"start":{"line":186,"column":3},"end":{"line":186,"column":56}},"95":{"start":{"line":187,"column":3},"end":{"line":187,"column":44}},"96":{"start":{"line":188,"column":3},"end":{"line":188,"column":17}},"97":{"start":{"line":191,"column":2},"end":{"line":194,"column":null}},"98":{"start":{"line":193,"column":3},"end":{"line":193,"column":14}},"99":{"start":{"line":196,"column":2},"end":{"line":198,"column":null}},"100":{"start":{"line":197,"column":3},"end":{"line":197,"column":41}},"101":{"start":{"line":200,"column":2},"end":{"line":200,"column":16}},"102":{"start":{"line":203,"column":15},"end":{"line":242,"column":3}},"103":{"start":{"line":204,"column":11},"end":{"line":204,"column":25}},"104":{"start":{"line":206,"column":2},"end":{"line":208,"column":null}},"105":{"start":{"line":207,"column":3},"end":{"line":207,"column":17}},"106":{"start":{"line":212,"column":2},"end":{"line":234,"column":null}},"107":{"start":{"line":213,"column":3},"end":{"line":213,"column":27}},"108":{"start":{"line":214,"column":3},"end":{"line":214,"column":29}},"109":{"start":{"line":215,"column":3},"end":{"line":215,"column":22}},"110":{"start":{"line":216,"column":3},"end":{"line":216,"column":24}},"111":{"start":{"line":217,"column":3},"end":{"line":217,"column":28}},"112":{"start":{"line":218,"column":3},"end":{"line":218,"column":28}},"113":{"start":{"line":219,"column":3},"end":{"line":219,"column":38}},"114":{"start":{"line":221,"column":12},"end":{"line":221,"column":51}},"115":{"start":{"line":223,"column":3},"end":{"line":225,"column":null}},"116":{"start":{"line":224,"column":4},"end":{"line":224,"column":44}},"117":{"start":{"line":227,"column":3},"end":{"line":227,"column":30}},"118":{"start":{"line":228,"column":3},"end":{"line":228,"column":32}},"119":{"start":{"line":229,"column":3},"end":{"line":229,"column":25}},"120":{"start":{"line":230,"column":3},"end":{"line":230,"column":27}},"121":{"start":{"line":231,"column":3},"end":{"line":231,"column":31}},"122":{"start":{"line":232,"column":3},"end":{"line":232,"column":31}},"123":{"start":{"line":233,"column":3},"end":{"line":233,"column":41}},"124":{"start":{"line":237,"column":12},"end":{"line":239,"column":35}},"125":{"start":{"line":241,"column":2},"end":{"line":241,"column":36}},"126":{"start":{"line":244,"column":15},"end":{"line":246,"column":3}},"127":{"start":{"line":245,"column":2},"end":{"line":245,"column":61}},"128":{"start":{"line":248,"column":15},"end":{"line":263,"column":null}},"129":{"start":{"line":249,"column":12},"end":{"line":249,"column":14}},"130":{"start":{"line":251,"column":2},"end":{"line":260,"column":null}},"131":{"start":{"line":252,"column":13},"end":{"line":252,"column":24}},"132":{"start":{"line":254,"column":3},"end":{"line":256,"column":null}},"133":{"start":{"line":255,"column":4},"end":{"line":255,"column":13}},"134":{"start":{"line":258,"column":3},"end":{"line":259,"column":51}},"135":{"start":{"line":262,"column":2},"end":{"line":262,"column":13}},"136":{"start":{"line":265,"column":15},"end":{"line":275,"column":null}},"137":{"start":{"line":266,"column":2},"end":{"line":268,"column":null}},"138":{"start":{"line":267,"column":3},"end":{"line":267,"column":56}},"139":{"start":{"line":270,"column":2},"end":{"line":274,"column":4}},"140":{"start":{"line":272,"column":4},"end":{"line":272,"column":15}},"141":{"start":{"line":277,"column":15},"end":{"line":301,"column":null}},"142":{"start":{"line":278,"column":2},"end":{"line":280,"column":null}},"143":{"start":{"line":279,"column":3},"end":{"line":279,"column":14}},"144":{"start":{"line":282,"column":19},"end":{"line":282,"column":52}},"145":{"start":{"line":283,"column":19},"end":{"line":283,"column":21}},"146":{"start":{"line":286,"column":2},"end":{"line":289,"column":null}},"147":{"start":{"line":287,"column":3},"end":{"line":287,"column":81}},"148":{"start":{"line":288,"column":3},"end":{"line":288,"column":46}},"149":{"start":{"line":291,"column":2},"end":{"line":294,"column":null}},"150":{"start":{"line":293,"column":3},"end":{"line":293,"column":26}},"151":{"start":{"line":296,"column":2},"end":{"line":298,"column":null}},"152":{"start":{"line":297,"column":3},"end":{"line":297,"column":57}},"153":{"start":{"line":300,"column":2},"end":{"line":300,"column":32}},"154":{"start":{"line":303,"column":15},"end":{"line":311,"column":null}},"155":{"start":{"line":304,"column":2},"end":{"line":304,"column":27}},"156":{"start":{"line":306,"column":2},"end":{"line":308,"column":null}},"157":{"start":{"line":307,"column":3},"end":{"line":307,"column":23}},"158":{"start":{"line":310,"column":2},"end":{"line":310,"column":15}},"159":{"start":{"line":313,"column":15},"end":{"line":324,"column":null}},"160":{"start":{"line":314,"column":2},"end":{"line":316,"column":null}},"161":{"start":{"line":315,"column":3},"end":{"line":315,"column":12}},"162":{"start":{"line":318,"column":10},"end":{"line":318,"column":47}},"163":{"start":{"line":319,"column":2},"end":{"line":321,"column":null}},"164":{"start":{"line":320,"column":3},"end":{"line":320,"column":103}},"165":{"start":{"line":323,"column":2},"end":{"line":323,"column":11}},"166":{"start":{"line":325,"column":0},"end":{"line":325,"column":null}},"167":{"start":{"line":40,"column":13},"end":{"line":40,"column":21}}},"fnMap":{"0":{"name":"(anonymous_0)","decl":{"start":{"line":28,"column":0},"end":{"line":28,"column":12}},"loc":{"start":{"line":28,"column":19},"end":{"line":38,"column":1}}},"1":{"name":"(anonymous_1)","decl":{"start":{"line":40,"column":0},"end":{"line":40,"column":13}},"loc":{"start":{"line":40,"column":0},"end":{"line":325,"column":null}}},"2":{"name":"(anonymous_3)","decl":{"start":{"line":41,"column":1},"end":{"line":41,"column":15}},"loc":{"start":{"line":41,"column":42},"end":{"line":44,"column":2}}},"3":{"name":"(anonymous_4)","decl":{"start":{"line":46,"column":1},"end":{"line":46,"column":15}},"loc":{"start":{"line":46,"column":80},"end":{"line":88,"column":2}}},"4":{"name":"(anonymous_5)","decl":{"start":{"line":90,"column":1},"end":{"line":90,"column":15}},"loc":{"start":{"line":90,"column":57},"end":{"line":107,"column":2}}},"5":{"name":"(anonymous_6)","decl":{"start":{"line":115,"column":1},"end":{"line":115,"column":15}},"loc":{"start":{"line":115,"column":69},"end":{"line":142,"column":2}}},"6":{"name":"(anonymous_7)","decl":{"start":{"line":144,"column":1},"end":{"line":144,"column":15}},"loc":{"start":{"line":144,"column":57},"end":{"line":158,"column":2}}},"7":{"name":"(anonymous_8)","decl":{"start":{"line":160,"column":1},"end":{"line":160,"column":15}},"loc":{"start":{"line":160,"column":93},"end":{"line":201,"column":2}}},"8":{"name":"(anonymous_9)","decl":{"start":{"line":203,"column":1},"end":{"line":203,"column":15}},"loc":{"start":{"line":203,"column":52},"end":{"line":242,"column":2}}},"9":{"name":"(anonymous_10)","decl":{"start":{"line":244,"column":1},"end":{"line":244,"column":15}},"loc":{"start":{"line":244,"column":41},"end":{"line":246,"column":2}}},"10":{"name":"(anonymous_11)","decl":{"start":{"line":248,"column":1},"end":{"line":248,"column":15}},"loc":{"start":{"line":248,"column":59},"end":{"line":263,"column":2}}},"11":{"name":"(anonymous_12)","decl":{"start":{"line":265,"column":1},"end":{"line":265,"column":15}},"loc":{"start":{"line":265,"column":30},"end":{"line":275,"column":2}}},"12":{"name":"toDynUtils","decl":{"start":{"line":271,"column":24},"end":{"line":271,"column":34}},"loc":{"start":{"line":271,"column":34},"end":{"line":273,"column":4}}},"13":{"name":"(anonymous_14)","decl":{"start":{"line":277,"column":1},"end":{"line":277,"column":15}},"loc":{"start":{"line":277,"column":36},"end":{"line":301,"column":2}}},"14":{"name":"(anonymous_15)","decl":{"start":{"line":303,"column":1},"end":{"line":303,"column":15}},"loc":{"start":{"line":303,"column":49},"end":{"line":311,"column":2}}},"15":{"name":"(anonymous_16)","decl":{"start":{"line":313,"column":1},"end":{"line":313,"column":15}},"loc":{"start":{"line":313,"column":46},"end":{"line":324,"column":2}}}},"branchMap":{"0":{"loc":{"start":{"line":28,"column":12},"end":{"line":28,"column":19}},"type":"binary-expr","locations":[{"start":{"line":28,"column":12},"end":{"line":28,"column":19}},{"start":{"line":28,"column":12},"end":{"line":28,"column":null}}]},"1":{"loc":{"start":{"line":50,"column":3},"end":{"line":52,"column":10}},"type":"switch","locations":[{"start":{"line":50,"column":3},"end":{"line":52,"column":10}},{"start":{"line":55,"column":3},"end":{"line":57,"column":10}},{"start":{"line":59,"column":3},"end":{"line":61,"column":10}},{"start":{"line":63,"column":3},"end":{"line":65,"column":10}},{"start":{"line":67,"column":3},"end":{"line":69,"column":10}},{"start":{"line":71,"column":3},"end":{"line":73,"column":10}},{"start":{"line":75,"column":3},"end":{"line":77,"column":10}},{"start":{"line":79,"column":3},"end":{"line":81,"column":10}},{"start":{"line":82,"column":3},"end":{"line":84,"column":null}}]},"2":{"loc":{"start":{"line":90,"column":34},"end":{"line":90,"column":null}},"type":"if","locations":[{"start":{"line":90,"column":34},"end":{"line":90,"column":null}},{"start":{"line":90,"column":34},"end":{"line":90,"column":null}}]},"3":{"loc":{"start":{"line":91,"column":2},"end":{"line":106,"column":null}},"type":"if","locations":[{"start":{"line":91,"column":2},"end":{"line":106,"column":null}},{"start":{"line":91,"column":2},"end":{"line":106,"column":null}}]},"4":{"loc":{"start":{"line":95,"column":22},"end":{"line":95,"column":24}},"type":"cond-expr","locations":[{"start":{"line":95,"column":22},"end":{"line":95,"column":24}},{"start":{"line":95,"column":27},"end":{"line":95,"column":31}}]},"5":{"loc":{"start":{"line":100,"column":9},"end":{"line":106,"column":null}},"type":"if","locations":[{"start":{"line":100,"column":9},"end":{"line":106,"column":null}},{"start":{"line":100,"column":9},"end":{"line":106,"column":null}}]},"6":{"loc":{"start":{"line":115,"column":32},"end":{"line":115,"column":57}},"type":"if","locations":[{"start":{"line":115,"column":32},"end":{"line":115,"column":57}},{"start":{"line":115,"column":32},"end":{"line":115,"column":57}}]},"7":{"loc":{"start":{"line":115,"column":57},"end":{"line":115,"column":null}},"type":"if","locations":[{"start":{"line":115,"column":57},"end":{"line":115,"column":null}},{"start":{"line":115,"column":57},"end":{"line":115,"column":null}}]},"8":{"loc":{"start":{"line":116,"column":2},"end":{"line":118,"column":null}},"type":"if","locations":[{"start":{"line":116,"column":2},"end":{"line":118,"column":null}},{"start":{"line":116,"column":2},"end":{"line":118,"column":null}}]},"9":{"loc":{"start":{"line":116,"column":6},"end":{"line":116,"column":23}},"type":"binary-expr","locations":[{"start":{"line":116,"column":6},"end":{"line":116,"column":23}},{"start":{"line":116,"column":27},"end":{"line":116,"column":39}}]},"10":{"loc":{"start":{"line":121,"column":3},"end":{"line":122,"column":36}},"type":"switch","locations":[{"start":{"line":121,"column":3},"end":{"line":122,"column":36}},{"start":{"line":123,"column":3},"end":{"line":124,"column":20}},{"start":{"line":125,"column":3},"end":{"line":138,"column":null}},{"start":{"line":139,"column":3},"end":{"line":140,"column":38}}]},"11":{"loc":{"start":{"line":122,"column":19},"end":{"line":122,"column":25}},"type":"cond-expr","locations":[{"start":{"line":122,"column":19},"end":{"line":122,"column":25}},{"start":{"line":122,"column":28},"end":{"line":122,"column":35}}]},"12":{"loc":{"start":{"line":126,"column":4},"end":{"line":138,"column":null}},"type":"if","locations":[{"start":{"line":126,"column":4},"end":{"line":138,"column":null}},{"start":{"line":126,"
[...]
":null}},"22":{"start":{"line":39,"column":13},"end":{"line":39,"column":20}},"23":{"start":{"line":43,"column":0},"end":{"line":43,"column":13}},"24":{"start":{"line":44,"column":20},"end":{"line":44,"column":37}},"25":{"start":{"line":45,"column":0},"end":{"line":45,"column":null}},"26":{"start":{"line":43,"column":13},"end":{"line":43,"column":18}},"27":{"start":{"line":47,"column":0},"end":{"line":47,"column":13}},"28":{"start":{"line":49,"column":13},"end":{"line":49,"column":32}},"29":{"start":{"line":50,"column":2},"end":{"line":50,"column":19}},"30":{"start":{"line":52,"column":0},"end":{"line":52,"column":null}},"31":{"start":{"line":47,"column":13},"end":{"line":47,"column":18}},"32":{"start":{"line":54,"column":0},"end":{"line":54,"column":13}},"33":{"start":{"line":55,"column":20},"end":{"line":55,"column":37}},"34":{"start":{"line":56,"column":0},"end":{"line":56,"column":null}},"35":{"start":{"line":54,"column":13},"end":{"line":54,"column":18}},"36":{"start":{"line":58,"column":0},"end":{"line":58,"column":13}},"37":{"start":{"line":61,"column":20},"end":{"line":61,"column":34}},"38":{"start":{"line":61,"column":43},"end":{"line":61,"column":57}},"39":{"start":{"line":62,"column":2},"end":{"line":62,"column":33}},"40":{"start":{"line":64,"column":0},"end":{"line":64,"column":null}},"41":{"start":{"line":58,"column":13},"end":{"line":58,"column":20}},"42":{"start":{"line":66,"column":0},"end":{"line":66,"column":13}},"43":{"start":{"line":69,"column":20},"end":{"line":69,"column":34}},"44":{"start":{"line":69,"column":43},"end":{"line":69,"column":57}},"45":{"start":{"line":70,"column":2},"end":{"line":70,"column":48}},"46":{"start":{"line":72,"column":0},"end":{"line":72,"column":null}},"47":{"start":{"line":66,"column":13},"end":{"line":66,"column":23}},"48":{"start":{"line":74,"column":0},"end":{"line":74,"column":13}},"49":{"start":{"line":77,"column":11},"end":{"line":77,"column":36}},"50":{"start":{"line":75,"column":20},"end":{"line":75,"column":34}},"51":{"start":{"line":76,"column":11},"end":{"line":76,"column":21}},"52":{"start":{"line":77,"column":11},"end":{"line":77,"column":33}},"53":{"start":{"line":78,"column":0},"end":{"line":78,"column":null}},"54":{"start":{"line":74,"column":13},"end":{"line":74,"column":17}},"55":{"start":{"line":80,"column":0},"end":{"line":80,"column":13}},"56":{"start":{"line":84,"column":9},"end":{"line":84,"column":null}},"57":{"start":{"line":85,"column":9},"end":{"line":85,"column":null}},"58":{"start":{"line":82,"column":9},"end":{"line":82,"column":22}},"59":{"start":{"line":83,"column":9},"end":{"line":83,"column":19}},"60":{"start":{"line":84,"column":9},"end":{"line":84,"column":26}},"61":{"start":{"line":85,"column":9},"end":{"line":85,"column":34}},"62":{"start":{"line":87,"column":0},"end":{"line":87,"column":null}},"63":{"start":{"line":80,"column":13},"end":{"line":80,"column":22}},"64":{"start":{"line":89,"column":0},"end":{"line":89,"column":13}},"65":{"start":{"line":90,"column":20},"end":{"line":90,"column":33}},"66":{"start":{"line":90,"column":42},"end":{"line":90,"column":56}},"67":{"start":{"line":91,"column":0},"end":{"line":91,"column":null}},"68":{"start":{"line":89,"column":13},"end":{"line":89,"column":18}},"69":{"start":{"line":93,"column":0},"end":{"line":93,"column":13}},"70":{"start":{"line":97,"column":9},"end":{"line":97,"column":18}},"71":{"start":{"line":98,"column":9},"end":{"line":98,"column":26}},"72":{"start":{"line":94,"column":8},"end":{"line":94,"column":38}},"73":{"start":{"line":100,"column":0},"end":{"line":100,"column":null}},"74":{"start":{"line":93,"column":13},"end":{"line":93,"column":23}},"75":{"start":{"line":102,"column":0},"end":{"line":102,"column":13}},"76":{"start":{"line":104,"column":11},"end":{"line":104,"column":null}},"77":{"start":{"line":105,"column":11},"end":{"line":105,"column":null}},"78":{"start":{"line":106,"column":11},"end":{"line":106,"column":39}},"79":{"start":{"line":103,"column":20},"end":{"line":103,"column":34}},"80":{"start":{"line":104,"column":11},"end":{"line":104,"column":33}},"81":{"start":{"line":105,"column":11},"end":{"line":105,"column":34}},"82":{"start":{"line":106,"column":11},"end":{"line":106,"column":36}},"83":{"start":{"line":107,"column":0},"end":{"line":107,"column":null}},"84":{"start":{"line":102,"column":13},"end":{"line":102,"column":17}},"85":{"start":{"line":109,"column":0},"end":{"line":109,"column":13}},"86":{"start":{"line":111,"column":11},"end":{"line":111,"column":null}},"87":{"start":{"line":110,"column":20},"end":{"line":110,"column":37}},"88":{"start":{"line":111,"column":11},"end":{"line":111,"column":34}},"89":{"start":{"line":112,"column":11},"end":{"line":112,"column":30}},"90":{"start":{"line":113,"column":0},"end":{"line":113,"column":null}},"91":{"start":{"line":109,"column":13},"end":{"line":109,"column":21}},"92":{"start":{"line":115,"column":0},"end":{"line":115,"column":13}},"93":{"start":{"line":116,"column":20},"end":{"line":116,"column":37}},"94":{"start":{"line":116,"column":46},"end":{"line":116,"column":62}},"95":{"start":{"line":117,"column":0},"end":{"line":117,"column":null}},"96":{"start":{"line":115,"column":13},"end":{"line":115,"column":19}}},"fnMap":{"0":{"name":"(anonymous_0)","decl":{"start":{"line":18,"column":0},"end":{"line":18,"column":13}},"loc":{"start":{"line":18,"column":0},"end":{"line":20,"column":null}}},"1":{"name":"DJoin","decl":{"start":{"line":19,"column":1},"end":{"line":19,"column":20}},"loc":{"start":{"line":19,"column":40},"end":{"line":19,"column":44}}},"2":{"name":"(anonymous_2)","decl":{"start":{"line":22,"column":0},"end":{"line":22,"column":13}},"loc":{"start":{"line":22,"column":0},"end":{"line":24,"column":null}}},"3":{"name":"DInQuery","decl":{"start":{"line":23,"column":1},"end":{"line":23,"column":20}},"loc":{"start":{"line":23,"column":33},"end":{"line":23,"column":37}}},"4":{"name":"(anonymous_4)","decl":{"start":{"line":26,"column":0},"end":{"line":26,"column":13}},"loc":{"start":{"line":26,"column":0},"end":{"line":28,"column":null}}},"5":{"name":"DUpdate","decl":{"start":{"line":27,"column":1},"end":{"line":27,"column":20}},"loc":{"start":{"line":27,"column":33},"end":{"line":27,"column":37}}},"6":{"name":"(anonymous_6)","decl":{"start":{"line":30,"column":0},"end":{"line":30,"column":13}},"loc":{"start":{"line":30,"column":0},"end":{"line":37,"column":null}}},"7":{"name":"DInsert","decl":{"start":{"line":33,"column":1},"end":{"line":33,"column":null}},"loc":{"start":{"line":35,"column":26},"end":{"line":36,"column":5}}},"8":{"name":"(anonymous_8)","decl":{"start":{"line":39,"column":0},"end":{"line":39,"column":13}},"loc":{"start":{"line":39,"column":0},"end":{"line":41,"column":null}}},"9":{"name":"DDelete","decl":{"start":{"line":40,"column":1},"end":{"line":40,"column":16}},"loc":{"start":{"line":40,"column":1},"end":{"line":40,"column":17}}},"10":{"name":"(anonymous_10)","decl":{"start":{"line":43,"column":0},"end":{"line":43,"column":13}},"loc":{"start":{"line":43,"column":0},"end":{"line":45,"column":null}}},"11":{"name":"DDrop","decl":{"start":{"line":44,"column":1},"end":{"line":44,"column":20}},"loc":{"start":{"line":44,"column":37},"end":{"line":44,"column":41}}},"12":{"name":"(anonymous_12)","decl":{"start":{"line":47,"column":0},"end":{"line":47,"column":13}},"loc":{"start":{"line":47,"column":0},"end":{"line":52,"column":null}}},"13":{"name":"DWith","decl":{"start":{"line":49,"column":1},"end":{"line":49,"column":13}},"loc":{"start":{"line":49,"column":1},"end":{"line":51,"column":2}}},"14":{"name":"(anonymous_14)","decl":{"start":{"line":54,"column":0},"end":{"line":54,"column":13}},"loc":{"start":{"line":54,"column":0},"end":{"line":56,"column":null}}},"15":{"name":"DInto","decl":{"start":{"line":55,"column":1},"end":{"line":55,"column":20}},"loc":{"start":{"line":55,"column":37},"end":{"line":55,"column":41}}},"16":{"name":"(anonymous_16)","decl":{"start":{"line":58,"column":0},"end":{"line":58,"column":13}},"loc":{"start":{"line":58,"column":0},"end":{"line":64,"column":null}}},"17":{"name":"DSelect","decl":{"start":{"line":61,"column":1},"end":{"line":61,"column":20}},"loc":{"start":{"line":61,"column":57},"end":{"line":63,"column":2}}},"18":{"name":"(anonymous_18)","decl":{"start":{"line":66,"column":0},"end":{"line":66,"column":13}},"loc":{"start":{"line":66,"column":0},"end":{"line":72,"column":null}}},"19":{"name":"DSelectAll","decl":{"start":{"line":69,"column":1},"end":{"line":69,"column":20}},"loc":{"start":{"line":69,"column":57},"end":{"line":71,"column":2}}},"20":{"name":"(anonymous_20)","decl":{"start":{"line":74,"column":0},"end":{"line":74,"column":13}},"loc":{"start":{"line":74,"column":0},"end":{"line":78,"column":null}}},"21":{"name":"DSet","decl":{"start":{"line":75,"column":1},"end":{"line":75,"column":20}},"loc":{"start":{"line":77,"column":33},"end":{"line":77,"column":37}}},"22":{"name":"(anonymous_22)","decl":{"start":{"line":80,"column":0},"end":{"line":80,"column":13}},"loc":{"start":{"line":80,"column":0},"end":{"line":87,"column":null}}},"23":{"name":"DLeftJoin","decl":{"start":{"line":81,"column":1},"end":{"line":81,"column":null}},"loc":{"start":{"line":85,"column":34},"end":{"line":86,"column":5}}},"24":{"name":"(anonymous_24)","decl":{"start":{"line":89,"column":0},"end":{"line":89,"column":13}},"loc":{"start":{"line":89,"column":0},"end":{"line":91,"column":null}}},"25":{"name":"DFrom","decl":{"start":{"line":90,"column":1},"end":{"line":90,"column":20}},"loc":{"start":{"line":90,"column":56},"end":{"line":90,"column":60}}},"26":{"name":"(anonymous_26)","decl":{"start":{"line":93,"column":0},"end":{"line":93,"column":13}},"loc":{"start":{"line":93,"column":0},"end":{"line":100,"column":null}}},"27":{"name":"DInsertExt","decl":{"start":{"line":96,"column":1},"end":{"line":96,"column":null}},"loc":{"start":{"line":98,"column":26},"end":{"line":99,"column":5}}},"28":{"name":"(anonymous_28)","decl":{"start":{"line":102,"column":0},"end":{"line":102,"column":13}},"loc":{"start":{"line":102,"column":0},"end":{"line":107,"column":null}}},"29":{"name":"DAnd","decl":{"start":{"line":103,"column":1},"end":{"line":103,"column":20}},"loc":{"start":{"line":106,"column":36},"end":{"line":106,"column":40}}},"30":{"name":"(anonymous_30)","decl":{"start":{"line":109,"column":0},"end":{"line":109,"column":13}},"loc":{"start":{"line":109,"column":0},"end":{"line":113,"column":null}}},"31":{"name":"DOrderBy","decl":{"start":{"line":110,"column":1},"end":{"line":110,"column":20}},"loc":{"start":{"line":112,"column":30},"end":{"line":112,"column":34}}},"32":{"name":"(anonymous_32)","decl":{"start":{"line":115,"column":0},"end":{"line":115,"column":13}},"loc":{"start":{"line":115,"column":0},"end":{"line":117,"column":null}}},"33":{"name":"DLimit","decl":{"start":{"line":116,"column":1},"end":{"line":116,"column":20}},"loc":{"start":{"line":116,"column":62},"end":{"line":116,"column":66}}}},"branchMap":{"0":{"loc":{"start":{"line":77,"column":11},"end":{"line":77,"column":36}},"type":"if","locations":[{"start":{"line":77,"column":11},"end":{"line":77,"column":36}},{"start":{"line":77,"column":11},"end":{"line":77,"column":36}}]},"1":{"loc":{"start":{"line":84,"column":9},"end":{"line":84,"column":null}},"type":"if","locations":[{"start":{"line":84,"column":9},"end":{"line":84,"column":null}},{"start":{"line":84,"column":9},"end":{"line":84,"column":null}}]},"2":{"loc":{"start":{"line":85,"column":9},"end":{"line":85,"column":null}},"type":"if","locations":[{"start":{"line":85,"column":9},"end":{"line":85,"column":null}},{"start":{"line":85,"column":9},"end":{"line":85,"column":null}}]},"3":{"loc":{"start":{"line":104,"column":11},"end":{"line":104,"column":null}},"type":"if","locations":[{"start":{"line":104,"column":11},"end":{"line":104,"column":null}},{"start":{"line":104,"column":11},"end":{"line":104,"column":null}}]},"4":{"loc":{"start":{"line":105,"column":11},"end":{"line":105,"column":null}},"type":"if","locations":[{"start":{"line":105,"column":11},"end":{"line":105,"column":null}},{"start":{"line":105,"column":11},"end":{"line":105,"column":null}}]},"5":{"loc":{"start":{"line":106,"column":11},"end":{"line":106,"column":39}},"type":"if","locations":[{"start":{"line":106,"column":11},"end":{"line":106,"column":39}},{"start":{"line":106,"column":11},"end":{"line":106,"column":39}}]},"6":{"loc":{"start":{"line":111,"column":11},"end":{"line":111,"column":null}},"type":"if","locations":[{"start":{"line":111,"column":11},"end":{"line":111,"column":null}},{"start":{"line":111,"column":11},"end":{"line":111,"column":null}}]}},"s":{"0":1,"1":1,"2":1,"3":0,"4":1,"5":1,"6":1,"7":0,"8":1,"9":1,"10":1,"11":0,"12":1,"13":1,"14":1,"15":0,"16":0,"17":0,"18":1,"19":1,"20":1,"21":1,"22":1,"23":1,"24":0,"25":1,"26":1,"27":1,"28":0,"29":0,"30":1,"31":1,"32":1,"33":0,"34":1,"35":1,"36":1,"37":0,"38":0,"39":0,"40":1,"41":1,"42":1,"43":0,"44":0,"45":0,"46":1,"47":1,"48":1,"49":0,"50":0,"51":0,"52":0,"53":1,"54":1,"55":1,"56":0,"57":0,"58":0,"59":0,"60":0,"61":0,"62":1,"63":1,"64":1,"65":1,"66":1,"67":1,"68":1,"69":1,"70":0,"71":0,"72":0,"73":1,"74":1,"75":1,"76":0,"77":0,"78":0,"79":0,"80":0,"81":0,"82":0,"83":1,"84":1,"85":1,"86":0,"87":0,"88":0,"89":0,"90":1,"91":1,"92":1,"93":0,"94":0,"95":1,"96":1},"f":{"0":1,"1":0,"2":1,"3":0,"4":1,"5":0,"6":1,"7":0,"8":1,"9":0,"10":1,"11":0,"12":1,"13":0,"14":1,"15":0,"16":1,"17":0,"18":1,"19":0,"20":1,"21":0,"22":1,"23":0,"24":1,"25":1,"26":1,"27":0,"28":1,"29":0,"30":1,"31":0,"32":1,"33":0},"b":{"0":[0,0],"1":[0,0],"2":[0,0],"3":[0,0],"4":[0,0],"5":[0,0],"6":[0,0]}}
,"/Users/patrikforsberg/Development/npm-packages/zynaptic-sql/src/records/where-record.ts": {"path":"/Users/patrikforsberg/Development/npm-packages/zynaptic-sql/src/records/where-record.ts","statementMap":{"0":{"start":{"line":8,"column":0},"end":{"line":8,"column":49}},"1":{"start":{"line":10,"column":0},"end":{"line":10,"column":13}},"2":{"start":{"line":13,"column":9},"end":{"line":13,"column":null}},"3":{"start":{"line":14,"column":9},"end":{"line":14,"column":null}},"4":{"start":{"line":12,"column":9},"end":{"line":12,"column":18}},"5":{"start":{"line":13,"column":9},"end":{"line":13,"column":27}},"6":{"start":{"line":14,"column":9},"end":{"line":14,"column":34}},"7":{"start":{"line":16,"column":0},"end":{"line":16,"column":null}},"8":{"start":{"line":10,"column":13},"end":{"line":10,"column":19}},"9":{"start":{"line":18,"column":0},"end":{"line":18,"column":58}},"10":{"start":{"line":18,"column":30},"end":{"line":18,"column":36}},"11":{"start":{"line":18,"column":58},"end":{"line":18,"column":null}},"12":{"start":{"line":18,"column":13},"end":{"line":18,"column":21}},"13":{"start":{"line":20,"column":0},"end":{"line":20,"column":59}},"14":{"start":{"line":20,"column":31},"end":{"line":20,"column":37}},"15":{"start":{"line":20,"column":59},"end":{"line":20,"column":null}},"16":{"start":{"line":20,"column":13},"end":{"line":20,"column":22}},"17":{"start":{"line":22,"column":0},"end":{"line":22,"column":61}},"18":{"start":{"line":22,"column":33},"end":{"line":22,"column":39}},"19":{"start":{"line":22,"column":61},"end":{"line":22,"column":null}},"20":{"start":{"line":22,"column":13},"end":{"line":22,"column":24}},"21":{"start":{"line":24,"column":0},"end":{"line":24,"column":61}},"22":{"start":{"line":24,"column":33},"end":{"line":24,"column":39}},"23":{"start":{"line":24,"column":61},"end":{"line":24,"column":null}},"24":{"start":{"line":24,"column":13},"end":{"line":24,"column":24}},"25":{"start":{"line":26,"column":0},"end":{"line":26,"column":13}},"26":{"start":{"line":28,"column":11},"end":{"line":28,"column":null}},"27":{"start":{"line":29,"column":11},"end":{"line":29,"column":null}},"28":{"start":{"line":30,"column":11},"end":{"line":30,"column":36}},"29":{"start":{"line":27,"column":20},"end":{"line":27,"column":31}},"30":{"start":{"line":28,"column":11},"end":{"line":28,"column":29}},"31":{"start":{"line":29,"column":11},"end":{"line":29,"column":36}},"32":{"start":{"line":30,"column":11},"end":{"line":30,"column":33}},"33":{"start":{"line":31,"column":0},"end":{"line":31,"column":null}},"34":{"start":{"line":26,"column":13},"end":{"line":26,"column":25}},"35":{"start":{"line":33,"column":0},"end":{"line":33,"column":13}},"36":{"start":{"line":35,"column":9},"end":{"line":35,"column":26}},"37":{"start":{"line":36,"column":9},"end":{"line":36,"column":18}},"38":{"start":{"line":37,"column":9},"end":{"line":37,"column":20}},"39":{"start":{"line":38,"column":9},"end":{"line":38,"column":21}},"40":{"start":{"line":40,"column":0},"end":{"line":40,"column":null}},"41":{"start":{"line":33,"column":13},"end":{"line":33,"column":26}}},"fnMap":{"0":{"name":"(anonymous_6)","decl":{"start":{"line":10,"column":0},"end":{"line":10,"column":13}},"loc":{"start":{"line":10,"column":0},"end":{"line":16,"column":null}}},"1":{"name":"DWhere","decl":{"start":{"line":11,"column":1},"end":{"line":11,"column":null}},"loc":{"start":{"line":14,"column":51},"end":{"line":15,"column":5}}},"2":{"name":"(anonymous_8)","decl":{"start":{"line":18,"column":0},"end":{"line":18,"column":13}},"loc":{"start":{"line":18,"column":0},"end":{"line":18,"column":-1}}},"3":{"name":"(anonymous_10)","decl":{"start":{"line":20,"column":0},"end":{"line":20,"column":13}},"loc":{"start":{"line":20,"column":0},"end":{"line":20,"column":-1}}},"4":{"name":"(anonymous_12)","decl":{"start":{"line":22,"column":0},"end":{"line":22,"column":13}},"loc":{"start":{"line":22,"column":0},"end":{"line":22,"column":-1}}},"5":{"name":"(anonymous_14)","decl":{"start":{"line":24,"column":0},"end":{"line":24,"column":13}},"loc":{"start":{"line":24,"column":0},"end":{"line":24,"column":-1}}},"6":{"name":"(anonymous_16)","decl":{"start":{"line":26,"column":0},"end":{"line":26,"column":13}},"loc":{"start":{"line":26,"column":0},"end":{"line":31,"column":null}}},"7":{"name":"DWhereSimple","decl":{"start":{"line":27,"column":1},"end":{"line":27,"column":20}},"loc":{"start":{"line":30,"column":33},"end":{"line":30,"column":37}}},"8":{"name":"(anonymous_18)","decl":{"start":{"line":33,"column":0},"end":{"line":33,"column":13}},"loc":{"start":{"line":33,"column":0},"end":{"line":40,"column":null}}},"9":{"name":"DWhereBetween","decl":{"start":{"line":34,"column":1},"end":{"line":34,"column":null}},"loc":{"start":{"line":38,"column":21},"end":{"line":39,"column":5}}}},"branchMap":{"0":{"loc":{"start":{"line":13,"column":9},"end":{"line":13,"column":null}},"type":"if","locations":[{"start":{"line":13,"column":9},"end":{"line":13,"column":null}},{"start":{"line":13,"column":9},"end":{"line":13,"column":null}}]},"1":{"loc":{"start":{"line":14,"column":9},"end":{"line":14,"column":null}},"type":"if","locations":[{"start":{"line":14,"column":9},"end":{"line":14,"column":null}},{"start":{"line":14,"column":9},"end":{"line":14,"column":null}}]},"2":{"loc":{"start":{"line":28,"column":11},"end":{"line":28,"column":null}},"type":"if","locations":[{"start":{"line":28,"column":11},"end":{"line":28,"column":null}},{"start":{"line":28,"column":11},"end":{"line":28,"column":null}}]},"3":{"loc":{"start":{"line":29,"column":11},"end":{"line":29,"column":null}},"type":"if","locations":[{"start":{"line":29,"column":11},"end":{"line":29,"column":null}},{"start":{"line":29,"column":11},"end":{"line":29,"column":null}}]},"4":{"loc":{"start":{"line":30,"column":11},"end":{"line":30,"column":36}},"type":"if","locations":[{"start":{"line":30,"column":11},"end":{"line":30,"column":36}},{"start":{"line":30,"column":11},"end":{"line":30,"column":36}}]}},"s":{"0":1,"1":1,"2":0,"3":0,"4":0,"5":0,"6":0,"7":1,"8":1,"9":1,"10":1,"11":1,"12":1,"13":1,"14":1,"15":1,"16":1,"17":1,"18":1,"19":1,"20":1,"21":1,"22":1,"23":1,"24":1,"25":1,"26":0,"27":0,"28":0,"29":0,"30":0,"31":0,"32":0,"33":1,"34":1,"35":1,"36":0,"37":0,"38":0,"39":0,"40":1,"41":1},"f":{"0":1,"1":0,"2":1,"3":1,"4":1,"5":1,"6":1,"7":0,"8":1,"9":0},"b":{"0":[0,0],"1":[0,0],"2":[0,0],"3":[0,0],"4":[0,0]}}
}
