TN:
SF:src/index.ts
FN:35,(anonymous_0)
FN:40,DataColumn
FN:43,(anonymous_2)
FN:69,(anonymous_3)
FN:74,ZynSql
FN:79,(anonymous_5)
FN:83,(anonymous_6)
FN:89,(anonymous_7)
FN:99,(anonymous_8)
FN:106,(anonymous_9)
FN:159,(anonymous_10)
FN:170,(anonymous_11)
FN:184,(anonymous_12)
FN:191,(anonymous_13)
FN:200,(anonymous_14)
FN:205,(anonymous_15)
FN:210,(anonymous_16)
FN:215,(anonymous_17)
FN:220,(anonymous_18)
FN:225,(anonymous_19)
FN:230,(anonymous_20)
FN:235,(anonymous_21)
FN:240,(anonymous_22)
FN:245,(anonymous_23)
FN:251,(anonymous_24)
FN:259,(anonymous_25)
FN:265,(anonymous_26)
FN:271,(anonymous_27)
FN:277,(anonymous_28)
FN:290,(anonymous_29)
FN:307,(anonymous_30)
FN:315,(anonymous_31)
FN:321,(anonymous_32)
FN:327,(anonymous_33)
FN:333,(anonymous_34)
FN:345,(anonymous_35)
FN:354,(anonymous_36)
FN:370,(anonymous_37)
FN:371,(anonymous_38)
FN:374,(anonymous_39)
FN:394,(anonymous_40)
FN:409,(anonymous_41)
FN:445,(anonymous_42)
FN:463,(anonymous_43)
FN:486,(anonymous_44)
FN:502,(anonymous_45)
FN:517,(anonymous_46)
FN:533,(anonymous_47)
FN:560,(anonymous_48)
FN:586,(anonymous_49)
FN:611,(anonymous_50)
FN:745,(anonymous_51)
FN:783,(anonymous_52)
FN:819,(anonymous_53)
FNF:54
FNH:9
FNDA:1,(anonymous_0)
FNDA:0,DataColumn
FNDA:1,(anonymous_2)
FNDA:1,(anonymous_3)
FNDA:1,ZynSql
FNDA:0,(anonymous_5)
FNDA:0,(anonymous_6)
FNDA:1,(anonymous_7)
FNDA:0,(anonymous_8)
FNDA:1,(anonymous_9)
FNDA:0,(anonymous_10)
FNDA:1,(anonymous_11)
FNDA:0,(anonymous_12)
FNDA:0,(anonymous_13)
FNDA:0,(anonymous_14)
FNDA:0,(anonymous_15)
FNDA:0,(anonymous_16)
FNDA:0,(anonymous_17)
FNDA:0,(anonymous_18)
FNDA:0,(anonymous_19)
FNDA:0,(anonymous_20)
FNDA:0,(anonymous_21)
FNDA:0,(anonymous_22)
FNDA:1,(anonymous_23)
FNDA:0,(anonymous_24)
FNDA:0,(anonymous_25)
FNDA:0,(anonymous_26)
FNDA:0,(anonymous_27)
FNDA:0,(anonymous_28)
FNDA:0,(anonymous_29)
FNDA:0,(anonymous_30)
FNDA:0,(anonymous_31)
FNDA:0,(anonymous_32)
FNDA:0,(anonymous_33)
FNDA:0,(anonymous_34)
FNDA:0,(anonymous_35)
FNDA:0,(anonymous_36)
FNDA:0,(anonymous_37)
FNDA:0,(anonymous_38)
FNDA:0,(anonymous_39)
FNDA:0,(anonymous_40)
FNDA:0,(anonymous_41)
FNDA:0,(anonymous_42)
FNDA:0,(anonymous_43)
FNDA:0,(anonymous_44)
FNDA:0,(anonymous_45)
FNDA:0,(anonymous_46)
FNDA:1,(anonymous_47)
FNDA:0,(anonymous_48)
FNDA:0,(anonymous_49)
FNDA:0,(anonymous_50)
FNDA:0,(anonymous_51)
FNDA:0,(anonymous_52)
FNDA:0,(anonymous_53)
DA:8,1
DA:9,1
DA:27,1
DA:28,1
DA:35,1
DA:40,0
DA:41,1
DA:43,1
DA:44,1
DA:45,1
DA:46,1
DA:47,1
DA:48,1
DA:69,1
DA:75,1
DA:76,1
DA:79,1
DA:80,0
DA:83,1
DA:84,0
DA:85,0
DA:89,1
DA:90,1
DA:99,1
DA:100,0
DA:103,1
DA:104,1
DA:106,1
DA:107,1
DA:109,1
DA:110,1
DA:111,1
DA:113,1
DA:114,0
DA:117,1
DA:118,0
DA:121,1
DA:122,1
DA:125,1
DA:126,0
DA:129,1
DA:130,0
DA:133,1
DA:134,0
DA:137,1
DA:138,0
DA:141,1
DA:142,0
DA:145,1
DA:146,0
DA:150,1
DA:159,1
DA:161,0
DA:163,0
DA:164,0
DA:167,0
DA:170,2
DA:172,1
DA:173,0
DA:176,1
DA:177,0
DA:178,0
DA:181,1
DA:184,1
DA:185,0
DA:186,0
DA:187,0
DA:188,0
DA:191,1
DA:192,0
DA:193,0
DA:194,0
DA:197,0
DA:200,1
DA:201,0
DA:202,0
DA:205,1
DA:206,0
DA:207,0
DA:210,1
DA:211,0
DA:212,0
DA:215,1
DA:216,0
DA:217,0
DA:220,1
DA:221,0
DA:222,0
DA:225,1
DA:226,0
DA:227,0
DA:230,1
DA:231,0
DA:232,0
DA:235,1
DA:236,0
DA:237,0
DA:240,1
DA:241,0
DA:242,0
DA:245,2
DA:246,1
DA:247,1
DA:248,1
DA:251,1
DA:252,0
DA:253,0
DA:254,0
DA:255,0
DA:256,0
DA:259,1
DA:260,0
DA:261,0
DA:262,0
DA:265,1
DA:266,0
DA:267,0
DA:268,0
DA:271,1
DA:272,0
DA:273,0
DA:274,0
DA:277,1
DA:278,0
DA:279,0
DA:280,0
DA:290,1
DA:291,0
DA:292,0
DA:294,0
DA:307,1
DA:308,0
DA:310,0
DA:311,0
DA:312,0
DA:315,1
DA:316,0
DA:317,0
DA:318,0
DA:321,1
DA:322,0
DA:323,0
DA:324,0
DA:327,1
DA:328,0
DA:329,0
DA:330,0
DA:333,1
DA:334,0
DA:335,0
DA:336,0
DA:345,1
DA:346,0
DA:347,0
DA:348,0
DA:350,0
DA:354,1
DA:355,0
DA:356,0
DA:357,0
DA:359,0
DA:360,0
DA:361,0
DA:362,0
DA:367,0
DA:370,1
DA:371,0
DA:374,1
DA:375,0
DA:377,0
DA:378,0
DA:380,0
DA:381,0
DA:386,0
DA:394,1
DA:395,0
DA:397,0
DA:398,0
DA:400,0
DA:401,0
DA:403,0
DA:406,0
DA:409,1
DA:410,0
DA:412,0
DA:413,0
DA:415,0
DA:416,0
DA:417,0
DA:419,0
DA:420,0
DA:422,0
DA:424,0
DA:425,0
DA:426,0
DA:427,0
DA:431,0
DA:432,0
DA:435,0
DA:437,0
DA:445,1
DA:446,0
DA:448,0
DA:449,0
DA:451,0
DA:452,0
DA:454,0
DA:457,0
DA:460,0
DA:463,1
DA:464,0
DA:466,0
DA:467,0
DA:469,0
DA:470,0
DA:472,0
DA:475,0
DA:478,0
DA:486,1
DA:487,0
DA:489,0
DA:490,0
DA:491,0
DA:494,0
DA:502,1
DA:503,0
DA:505,0
DA:506,0
DA:509,0
DA:517,1
DA:518,0
DA:520,0
DA:521,0
DA:522,0
DA:525,0
DA:533,1
DA:534,1
DA:536,1
DA:537,1
DA:539,1
DA:540,0
DA:542,1
DA:545,1
DA:547,1
DA:548,0
DA:552,1
DA:560,1
DA:561,0
DA:563,0
DA:564,0
DA:566,0
DA:567,0
DA:569,0
DA:572,0
DA:573,0
DA:576,0
DA:586,1
DA:587,0
DA:589,0
DA:590,0
DA:592,0
DA:596,0
DA:597,0
DA:598,0
DA:602,0
DA:611,1
DA:612,0
DA:614,0
DA:615,0
DA:617,0
DA:620,0
DA:621,0
DA:631,0
DA:632,0
DA:634,0
DA:635,0
DA:638,0
DA:639,0
DA:641,0
DA:643,0
DA:644,0
DA:645,0
DA:646,0
DA:650,0
DA:652,0
DA:653,0
DA:656,0
DA:736,0
DA:745,1
DA:746,0
DA:748,0
DA:749,0
DA:750,0
DA:752,0
DA:754,0
DA:755,0
DA:757,0
DA:758,0
DA:761,0
DA:762,0
DA:766,0
DA:775,0
DA:783,1
DA:784,0
DA:786,0
DA:787,0
DA:789,0
DA:790,0
DA:792,0
DA:795,0
DA:797,0
DA:798,0
DA:800,0
DA:801,0
DA:803,0
DA:804,0
DA:810,0
DA:819,1
DA:820,0
DA:822,0
DA:823,0
DA:824,0
DA:826,0
DA:827,0
DA:831,0
DA:834,1
LF:326
LH:96
BRDA:43,0,0,1
BRDA:43,0,1,1
BRDA:90,1,0,1
BRDA:90,1,1,1
BRDA:90,1,2,1
BRDA:90,1,3,1
BRDA:90,1,4,1
BRDA:90,1,5,1
BRDA:100,2,0,0
BRDA:100,2,1,0
BRDA:113,3,0,0
BRDA:113,3,1,1
BRDA:117,4,0,0
BRDA:117,4,1,1
BRDA:121,5,0,1
BRDA:121,5,1,0
BRDA:125,6,0,0
BRDA:125,6,1,1
BRDA:129,7,0,0
BRDA:129,7,1,1
BRDA:133,8,0,0
BRDA:133,8,1,1
BRDA:137,9,0,0
BRDA:137,9,1,1
BRDA:141,10,0,0
BRDA:141,10,1,1
BRDA:145,11,0,0
BRDA:145,11,1,1
BRDA:163,12,0,0
BRDA:163,12,1,0
BRDA:163,13,0,0
BRDA:163,13,1,0
BRDA:172,14,0,0
BRDA:172,14,1,1
BRDA:235,15,0,0
BRDA:235,15,1,0
BRDA:240,16,0,0
BRDA:240,16,1,0
BRDA:245,17,0,1
BRDA:245,17,1,0
BRDA:251,18,0,0
BRDA:251,18,1,0
BRDA:252,19,0,0
BRDA:252,19,1,0
BRDA:253,20,0,0
BRDA:253,20,1,0
BRDA:259,21,0,0
BRDA:259,21,1,0
BRDA:265,22,0,0
BRDA:265,22,1,0
BRDA:271,23,0,0
BRDA:271,23,1,0
BRDA:277,24,0,0
BRDA:277,24,1,0
BRDA:290,25,0,0
BRDA:290,25,1,0
BRDA:315,26,0,0
BRDA:315,26,1,0
BRDA:327,27,0,0
BRDA:327,27,1,0
BRDA:327,28,0,0
BRDA:327,28,1,0
BRDA:327,29,0,0
BRDA:327,29,1,0
BRDA:333,30,0,0
BRDA:333,30,1,0
BRDA:347,31,0,0
BRDA:347,31,1,0
BRDA:354,32,0,0
BRDA:354,32,1,0
BRDA:359,33,0,0
BRDA:359,33,1,0
BRDA:361,34,0,0
BRDA:361,34,1,0
BRDA:380,35,0,0
BRDA:380,35,1,0
BRDA:397,36,0,0
BRDA:397,36,1,0
BRDA:400,37,0,0
BRDA:400,37,1,0
BRDA:412,38,0,0
BRDA:412,38,1,0
BRDA:417,39,0,0
BRDA:417,39,1,0
BRDA:425,40,0,0
BRDA:425,40,1,0
BRDA:448,41,0,0
BRDA:448,41,1,0
BRDA:451,42,0,0
BRDA:451,42,1,0
BRDA:466,43,0,0
BRDA:466,43,1,0
BRDA:469,44,0,0
BRDA:469,44,1,0
BRDA:489,45,0,0
BRDA:489,45,1,0
BRDA:505,46,0,0
BRDA:505,46,1,0
BRDA:520,47,0,0
BRDA:520,47,1,0
BRDA:536,48,0,1
BRDA:536,48,1,0
BRDA:539,49,0,0
BRDA:539,49,1,1
BRDA:547,50,0,0
BRDA:547,50,1,1
BRDA:563,51,0,0
BRDA:563,51,1,0
BRDA:566,52,0,0
BRDA:566,52,1,0
BRDA:572,53,0,0
BRDA:572,53,1,0
BRDA:589,54,0,0
BRDA:589,54,1,0
BRDA:596,55,0,0
BRDA:596,55,1,0
BRDA:597,56,0,0
BRDA:597,56,1,0
BRDA:614,57,0,0
BRDA:614,57,1,0
BRDA:620,58,0,0
BRDA:620,58,1,0
BRDA:631,59,0,0
BRDA:631,59,1,0
BRDA:634,60,0,0
BRDA:634,60,1,0
BRDA:644,61,0,0
BRDA:644,61,1,0
BRDA:748,62,0,0
BRDA:748,62,1,0
BRDA:752,63,0,0
BRDA:752,63,1,0
BRDA:754,64,0,0
BRDA:754,64,1,0
BRDA:756,65,0,0
BRDA:756,65,1,0
BRDA:786,66,0,0
BRDA:786,66,1,0
BRDA:789,67,0,0
BRDA:789,67,1,0
BRDA:797,68,0,0
BRDA:797,68,1,0
BRDA:799,69,0,0
BRDA:799,69,1,0
BRDA:822,70,0,0
BRDA:822,70,1,0
BRDA:826,71,0,0
BRDA:826,71,1,0
BRF:148
BRH:22
end_of_record
TN:
SF:src/types.ts
FN:21,(anonymous_0)
FN:33,(anonymous_1)
FN:48,(anonymous_2)
FN:54,(anonymous_3)
FN:61,(anonymous_4)
FNF:5
FNH:5
FNDA:1,(anonymous_0)
FNDA:1,(anonymous_1)
FNDA:1,(anonymous_2)
FNDA:1,(anonymous_3)
FNDA:1,(anonymous_4)
DA:21,1
DA:22,1
DA:23,1
DA:24,1
DA:25,1
DA:26,1
DA:27,1
DA:28,1
DA:29,1
DA:30,1
DA:33,1
DA:34,1
DA:35,1
DA:36,1
DA:37,1
DA:38,1
DA:39,1
DA:40,1
DA:41,1
DA:42,1
DA:43,1
DA:44,1
DA:45,1
DA:48,1
DA:49,1
DA:50,1
DA:51,1
DA:54,1
DA:55,1
DA:56,1
DA:57,1
DA:58,1
DA:61,1
DA:62,1
DA:63,1
DA:64,1
DA:65,1
DA:66,1
LF:38
LH:38
BRDA:21,0,0,1
BRDA:21,0,1,1
BRDA:33,1,0,1
BRDA:33,1,1,1
BRDA:48,2,0,1
BRDA:48,2,1,1
BRDA:54,3,0,1
BRDA:54,3,1,1
BRDA:61,4,0,1
BRDA:61,4,1,1
BRF:10
BRH:10
end_of_record
TN:
SF:src/utils.ts
FN:28,(anonymous_0)
FN:40,(anonymous_1)
FN:41,(anonymous_3)
FN:46,(anonymous_4)
FN:90,(anonymous_5)
FN:115,(anonymous_6)
FN:144,(anonymous_7)
FN:160,(anonymous_8)
FN:203,(anonymous_9)
FN:244,(anonymous_10)
FN:248,(anonymous_11)
FN:265,(anonymous_12)
FN:271,toDynUtils
FN:277,(anonymous_14)
FN:303,(anonymous_15)
FN:313,(anonymous_16)
FNF:16
FNH:2
FNDA:1,(anonymous_0)
FNDA:1,(anonymous_1)
FNDA:0,(anonymous_3)
FNDA:0,(anonymous_4)
FNDA:0,(anonymous_5)
FNDA:0,(anonymous_6)
FNDA:0,(anonymous_7)
FNDA:0,(anonymous_8)
FNDA:0,(anonymous_9)
FNDA:0,(anonymous_10)
FNDA:0,(anonymous_11)
FNDA:0,(anonymous_12)
FNDA:0,toDynUtils
FNDA:0,(anonymous_14)
FNDA:0,(anonymous_15)
FNDA:0,(anonymous_16)
DA:11,1
DA:12,1
DA:13,1
DA:14,1
DA:26,1
DA:28,1
DA:29,1
DA:30,1
DA:31,1
DA:32,1
DA:33,1
DA:34,1
DA:35,1
DA:36,1
DA:37,1
DA:40,1
DA:41,1
DA:42,0
DA:43,0
DA:46,1
DA:47,0
DA:49,0
DA:51,0
DA:52,0
DA:56,0
DA:57,0
DA:60,0
DA:61,0
DA:64,0
DA:65,0
DA:68,0
DA:69,0
DA:72,0
DA:73,0
DA:76,0
DA:77,0
DA:80,0
DA:81,0
DA:83,0
DA:87,0
DA:90,1
DA:91,0
DA:92,0
DA:94,0
DA:95,0
DA:98,0
DA:100,0
DA:101,0
DA:104,0
DA:115,1
DA:116,0
DA:117,0
DA:120,0
DA:122,0
DA:124,0
DA:126,0
DA:127,0
DA:128,0
DA:129,0
DA:130,0
DA:131,0
DA:132,0
DA:133,0
DA:134,0
DA:135,0
DA:137,0
DA:140,0
DA:144,1
DA:145,0
DA:147,0
DA:148,0
DA:150,0
DA:151,0
DA:153,0
DA:157,0
DA:160,1
DA:161,0
DA:162,0
DA:165,0
DA:166,0
DA:169,0
DA:170,0
DA:171,0
DA:172,0
DA:175,0
DA:176,0
DA:178,0
DA:179,0
DA:182,0
DA:186,0
DA:187,0
DA:188,0
DA:191,0
DA:193,0
DA:196,0
DA:197,0
DA:200,0
DA:203,1
DA:204,0
DA:206,0
DA:207,0
DA:212,0
DA:213,0
DA:214,0
DA:215,0
DA:216,0
DA:217,0
DA:218,0
DA:219,0
DA:221,0
DA:223,0
DA:224,0
DA:227,0
DA:228,0
DA:229,0
DA:230,0
DA:231,0
DA:232,0
DA:233,0
DA:237,0
DA:241,0
DA:244,1
DA:245,0
DA:248,1
DA:249,0
DA:251,0
DA:252,0
DA:254,0
DA:255,0
DA:258,0
DA:262,0
DA:265,1
DA:266,0
DA:267,0
DA:270,0
DA:272,0
DA:277,1
DA:278,0
DA:279,0
DA:282,0
DA:283,0
DA:286,0
DA:287,0
DA:288,0
DA:291,0
DA:293,0
DA:296,0
DA:297,0
DA:300,0
DA:303,1
DA:304,0
DA:306,0
DA:307,0
DA:310,0
DA:313,1
DA:314,0
DA:315,0
DA:318,0
DA:319,0
DA:320,0
DA:323,0
DA:325,1
LF:162
LH:30
BRDA:28,0,0,1
BRDA:28,0,1,1
BRDA:50,1,0,0
BRDA:50,1,1,0
BRDA:50,1,2,0
BRDA:50,1,3,0
BRDA:50,1,4,0
BRDA:50,1,5,0
BRDA:50,1,6,0
BRDA:50,1,7,0
BRDA:50,1,8,0
BRDA:90,2,0,0
BRDA:90,2,1,0
BRDA:91,3,0,0
BRDA:91,3,1,0
BRDA:95,4,0,0
BRDA:95,4,1,0
BRDA:100,5,0,0
BRDA:100,5,1,0
BRDA:115,6,0,0
BRDA:115,6,1,0
BRDA:115,7,0,0
BRDA:115,7,1,0
BRDA:116,8,0,0
BRDA:116,8,1,0
BRDA:116,9,0,0
BRDA:116,9,1,0
BRDA:121,10,0,0
BRDA:121,10,1,0
BRDA:121,10,2,0
BRDA:121,10,3,0
BRDA:122,11,0,0
BRDA:122,11,1,0
BRDA:126,12,0,0
BRDA:126,12,1,0
BRDA:127,13,0,0
BRDA:127,13,1,0
BRDA:128,14,0,0
BRDA:128,14,1,0
BRDA:130,15,0,0
BRDA:130,15,1,0
BRDA:132,16,0,0
BRDA:132,16,1,0
BRDA:134,17,0,0
BRDA:134,17,1,0
BRDA:150,18,0,0
BRDA:150,18,1,0
BRDA:151,19,0,0
BRDA:151,19,1,0
BRDA:153,20,0,0
BRDA:153,20,1,0
BRDA:161,21,0,0
BRDA:161,21,1,0
BRDA:165,22,0,0
BRDA:165,22,1,0
BRDA:165,23,0,0
BRDA:165,23,1,0
BRDA:175,24,0,0
BRDA:175,24,1,0
BRDA:178,25,0,0
BRDA:178,25,1,0
BRDA:183,26,0,0
BRDA:183,26,1,0
BRDA:191,27,0,0
BRDA:191,27,1,0
BRDA:196,28,0,0
BRDA:196,28,1,0
BRDA:206,29,0,0
BRDA:206,29,1,0
BRDA:212,30,0,0
BRDA:212,30,1,0
BRDA:223,31,0,0
BRDA:223,31,1,0
BRDA:254,32,0,0
BRDA:254,32,1,0
BRDA:258,33,0,0
BRDA:258,33,1,0
BRDA:266,34,0,0
BRDA:266,34,1,0
BRDA:278,35,0,0
BRDA:278,35,1,0
BRDA:291,36,0,0
BRDA:291,36,1,0
BRDA:296,37,0,0
BRDA:296,37,1,0
BRDA:314,38,0,0
BRDA:314,38,1,0
BRDA:319,39,0,0
BRDA:319,39,1,0
BRDA:320,40,0,0
BRDA:320,40,1,0
BRDA:320,41,0,0
BRDA:320,41,1,0
BRF:93
BRH:2
end_of_record
TN:
SF:src/var.utils.ts
FN:27,(anonymous_0)
FN:28,(anonymous_2)
FN:73,(anonymous_3)
FNF:3
FNH:1
FNDA:1,(anonymous_0)
FNDA:0,(anonymous_2)
FNDA:0,(anonymous_3)
DA:1,1
DA:27,1
DA:28,1
DA:29,0
DA:31,0
DA:32,0
DA:35,0
DA:37,0
DA:38,0
DA:41,0
DA:42,0
DA:45,0
DA:46,0
DA:49,0
DA:50,0
DA:52,0
DA:53,0
DA:55,0
DA:56,0
DA:59,0
DA:62,0
DA:65,0
DA:73,1
DA:74,0
DA:76,0
DA:80,1
LF:26
LH:5
BRDA:31,0,0,0
BRDA:31,0,1,0
BRDA:31,1,0,0
BRDA:31,1,1,0
BRDA:36,2,0,0
BRDA:36,2,1,0
BRDA:36,2,2,0
BRDA:36,2,3,0
BRDA:49,3,0,0
BRDA:49,3,1,0
BRDA:52,4,0,0
BRDA:52,4,1,0
BRDA:55,5,0,0
BRDA:55,5,1,0
BRDA:76,6,0,0
BRDA:76,6,1,0
BRDA:76,6,2,0
BRF:17
BRH:0
end_of_record
TN:
SF:src/records/records.ts
FN:18,(anonymous_0)
FN:19,DJoin
FN:22,(anonymous_2)
FN:23,DInQuery
FN:26,(anonymous_4)
FN:27,DUpdate
FN:30,(anonymous_6)
FN:33,DInsert
FN:39,(anonymous_8)
FN:40,DDelete
FN:43,(anonymous_10)
FN:44,DDrop
FN:47,(anonymous_12)
FN:49,DWith
FN:54,(anonymous_14)
FN:55,DInto
FN:58,(anonymous_16)
FN:61,DSelect
FN:66,(anonymous_18)
FN:69,DSelectAll
FN:74,(anonymous_20)
FN:75,DSet
FN:80,(anonymous_22)
FN:81,DLeftJoin
FN:89,(anonymous_24)
FN:90,DFrom
FN:93,(anonymous_26)
FN:96,DInsertExt
FN:102,(anonymous_28)
FN:103,DAnd
FN:109,(anonymous_30)
FN:110,DOrderBy
FN:115,(anonymous_32)
FN:116,DLimit
FNF:34
FNH:18
FNDA:1,(anonymous_0)
FNDA:0,DJoin
FNDA:1,(anonymous_2)
FNDA:0,DInQuery
FNDA:1,(anonymous_4)
FNDA:0,DUpdate
FNDA:1,(anonymous_6)
FNDA:0,DInsert
FNDA:1,(anonymous_8)
FNDA:0,DDelete
FNDA:1,(anonymous_10)
FNDA:0,DDrop
FNDA:1,(anonymous_12)
FNDA:0,DWith
FNDA:1,(anonymous_14)
FNDA:0,DInto
FNDA:1,(anonymous_16)
FNDA:0,DSelect
FNDA:1,(anonymous_18)
FNDA:0,DSelectAll
FNDA:1,(anonymous_20)
FNDA:0,DSet
FNDA:1,(anonymous_22)
FNDA:0,DLeftJoin
FNDA:1,(anonymous_24)
FNDA:1,DFrom
FNDA:1,(anonymous_26)
FNDA:0,DInsertExt
FNDA:1,(anonymous_28)
FNDA:0,DAnd
FNDA:1,(anonymous_30)
FNDA:0,DOrderBy
FNDA:1,(anonymous_32)
FNDA:0,DLimit
DA:8,1
DA:14,1
DA:18,1
DA:19,0
DA:20,1
DA:22,1
DA:23,0
DA:24,1
DA:26,1
DA:27,0
DA:28,1
DA:30,1
DA:31,0
DA:34,0
DA:35,0
DA:37,1
DA:39,1
DA:41,1
DA:43,1
DA:44,0
DA:45,1
DA:47,1
DA:49,0
DA:50,0
DA:52,1
DA:54,1
DA:55,0
DA:56,1
DA:58,1
DA:61,0
DA:62,0
DA:64,1
DA:66,1
DA:69,0
DA:70,0
DA:72,1
DA:74,1
DA:75,0
DA:76,0
DA:77,0
DA:78,1
DA:80,1
DA:82,0
DA:83,0
DA:84,0
DA:85,0
DA:87,1
DA:89,1
DA:90,1
DA:91,1
DA:93,1
DA:94,0
DA:97,0
DA:98,0
DA:100,1
DA:102,1
DA:103,0
DA:104,0
DA:105,0
DA:106,0
DA:107,1
DA:109,1
DA:110,0
DA:111,0
DA:112,0
DA:113,1
DA:115,1
DA:116,0
DA:117,1
LF:69
LH:37
BRDA:77,0,0,0
BRDA:77,0,1,0
BRDA:84,1,0,0
BRDA:84,1,1,0
BRDA:85,2,0,0
BRDA:85,2,1,0
BRDA:104,3,0,0
BRDA:104,3,1,0
BRDA:105,4,0,0
BRDA:105,4,1,0
BRDA:106,5,0,0
BRDA:106,5,1,0
BRDA:111,6,0,0
BRDA:111,6,1,0
BRF:14
BRH:0
end_of_record
TN:
SF:src/records/where-record.ts
FN:10,(anonymous_6)
FN:11,DWhere
FN:18,(anonymous_8)
FN:20,(anonymous_10)
FN:22,(anonymous_12)
FN:24,(anonymous_14)
FN:26,(anonymous_16)
FN:27,DWhereSimple
FN:33,(anonymous_18)
FN:34,DWhereBetween
FNF:10
FNH:7
FNDA:1,(anonymous_6)
FNDA:0,DWhere
FNDA:1,(anonymous_8)
FNDA:1,(anonymous_10)
FNDA:1,(anonymous_12)
FNDA:1,(anonymous_14)
FNDA:1,(anonymous_16)
FNDA:0,DWhereSimple
FNDA:1,(anonymous_18)
FNDA:0,DWhereBetween
DA:8,1
DA:10,1
DA:12,0
DA:13,0
DA:14,0
DA:16,1
DA:18,1
DA:20,1
DA:22,1
DA:24,1
DA:26,1
DA:27,0
DA:28,0
DA:29,0
DA:30,0
DA:31,1
DA:33,1
DA:35,0
DA:36,0
DA:37,0
DA:38,0
DA:40,1
LF:22
LH:11
BRDA:13,0,0,0
BRDA:13,0,1,0
BRDA:14,1,0,0
BRDA:14,1,1,0
BRDA:28,2,0,0
BRDA:28,2,1,0
BRDA:29,3,0,0
BRDA:29,3,1,0
BRDA:30,4,0,0
BRDA:30,4,1,0
BRF:10
BRH:0
end_of_record
